Calling target program-options parser
[03:18:00.311] [bmv2] [D] [thread 3196] Set default default entry for table 'basic_learning_switch_ingress.ipv4_forwarding.ipv4_lpm': basic_learning_switch_ingress.ipv4_forwarding.drop - 
[03:18:00.311] [bmv2] [D] [thread 3196] Set default default entry for table 'tbl_act': act - 
[03:18:00.311] [bmv2] [D] [thread 3196] Set default default entry for table 'basic_learning_switch_ingress.arp.arp_exact': basic_learning_switch_ingress.arp.send_to_cpu - 
Adding interface s1-eth1 as port 1
[03:18:00.311] [bmv2] [D] [thread 3196] Adding interface s1-eth1 as port 1
Adding interface s1-eth2 as port 2
[03:18:00.325] [bmv2] [D] [thread 3196] Adding interface s1-eth2 as port 2
Adding interface s1-eth3 as port 3
[03:18:00.349] [bmv2] [D] [thread 3196] Adding interface s1-eth3 as port 3
I0923 03:18:00.378024717    3196 server_builder.cc:247]      Synchronous server. Num CQs: 1, Min pollers: 1, Max Pollers: 2147483647, CQ timeout (msec): 1000
Server listening on 0.0.0.0:50051
[03:18:00.384] [bmv2] [I] [thread 3196] Starting Thrift server on port 9090
[03:18:00.385] [bmv2] [I] [thread 3196] Thrift server was started
[03:18:00.630] [bmv2] [D] [thread 3203] [0.0] [cxt 0] Processing packet received on port 1
[03:18:00.630] [bmv2] [D] [thread 3203] [0.0] [cxt 0] Parser 'parser': start
[03:18:00.630] [bmv2] [D] [thread 3203] [0.0] [cxt 0] Parser 'parser' entering state 'start'
[03:18:00.630] [bmv2] [D] [thread 3203] [0.0] [cxt 0] Parser state 'start': key is 0001
[03:18:00.630] [bmv2] [T] [thread 3203] [0.0] [cxt 0] Bytes parsed: 0
[03:18:00.630] [bmv2] [D] [thread 3203] [0.0] [cxt 0] Parser 'parser' entering state 'parse_ethernet'
[03:18:00.630] [bmv2] [D] [thread 3203] [0.0] [cxt 0] Extracting header 'ethernet'
[03:18:00.630] [bmv2] [D] [thread 3203] [0.0] [cxt 0] Parser state 'parse_ethernet': key is 86dd
[03:18:00.630] [bmv2] [T] [thread 3203] [0.0] [cxt 0] Bytes parsed: 14
[03:18:00.630] [bmv2] [D] [thread 3203] [0.0] [cxt 0] Parser 'parser': end
[03:18:00.630] [bmv2] [D] [thread 3203] [0.0] [cxt 0] Pipeline 'ingress': start
[03:18:00.630] [bmv2] [T] [thread 3203] [0.0] [cxt 0] includes/ipv4_forward.p4(37) Condition "hdr.ipv4.isValid()" (node_2) is false
[03:18:00.630] [bmv2] [T] [thread 3203] [0.0] [cxt 0] includes/arp.p4(38) Condition "standard_metadata.ingress_port == 255" (node_4) is false
[03:18:00.630] [bmv2] [T] [thread 3203] [0.0] [cxt 0] Applying table 'basic_learning_switch_ingress.arp.arp_exact'
[03:18:00.630] [bmv2] [D] [thread 3203] [0.0] [cxt 0] Looking up key:
* standard_metadata.ingress_port: 0001
* hdr.ethernet.dstAddr          : 333300000016

[03:18:00.630] [bmv2] [D] [thread 3203] [0.0] [cxt 0] Table 'basic_learning_switch_ingress.arp.arp_exact': miss
[03:18:00.630] [bmv2] [D] [thread 3203] [0.0] [cxt 0] Action entry is basic_learning_switch_ingress.arp.send_to_cpu - 
[03:18:00.630] [bmv2] [T] [thread 3203] [0.0] [cxt 0] Action basic_learning_switch_ingress.arp.send_to_cpu
[03:18:00.630] [bmv2] [T] [thread 3203] [0.0] [cxt 0] includes/arp.p4(11) Primitive standard_metadata.egress_spec = 255
[03:18:00.630] [bmv2] [T] [thread 3203] [0.0] [cxt 0] includes/arp.p4(12) Primitive hdr.packet_in.setValid()
[03:18:00.630] [bmv2] [T] [thread 3203] [0.0] [cxt 0] includes/arp.p4(13) Primitive hdr.packet_in.ingress_port = (bit<16>) standard_metadata.ingress_port
[03:18:00.630] [bmv2] [D] [thread 3203] [0.0] [cxt 0] Pipeline 'ingress': end
[03:18:00.630] [bmv2] [D] [thread 3203] [0.0] [cxt 0] Egress port is 255
[03:18:00.630] [bmv2] [D] [thread 3207] [0.0] [cxt 0] Pipeline 'egress': start
[03:18:00.630] [bmv2] [D] [thread 3207] [0.0] [cxt 0] Pipeline 'egress': end
[03:18:00.630] [bmv2] [D] [thread 3207] [0.0] [cxt 0] Deparser 'deparser': start
[03:18:00.630] [bmv2] [T] [thread 3207] [0.0] [cxt 0] Skipping checksum 'cksum' update because condition not met
[03:18:00.630] [bmv2] [D] [thread 3207] [0.0] [cxt 0] Deparsing header 'packet_in'
[03:18:00.631] [bmv2] [D] [thread 3207] [0.0] [cxt 0] Deparsing header 'ethernet'
[03:18:00.631] [bmv2] [D] [thread 3207] [0.0] [cxt 0] Deparser 'deparser': end
[03:18:00.631] [bmv2] [D] [thread 3208] [0.0] [cxt 0] Transmitting packet of size 92 out of port 255
[03:18:00.631] [bmv2] [D] [thread 3208] Transmitting packet-in
[03:18:00.631] [bmv2] [E] [thread 3208] Error when transmitting packet-in
[03:18:00.721] [bmv2] [D] [thread 3203] [1.0] [cxt 0] Processing packet received on port 3
[03:18:00.721] [bmv2] [D] [thread 3203] [1.0] [cxt 0] Parser 'parser': start
[03:18:00.721] [bmv2] [D] [thread 3203] [1.0] [cxt 0] Parser 'parser' entering state 'start'
[03:18:00.721] [bmv2] [D] [thread 3203] [1.0] [cxt 0] Parser state 'start': key is 0003
[03:18:00.721] [bmv2] [T] [thread 3203] [1.0] [cxt 0] Bytes parsed: 0
[03:18:00.721] [bmv2] [D] [thread 3203] [1.0] [cxt 0] Parser 'parser' entering state 'parse_ethernet'
[03:18:00.721] [bmv2] [D] [thread 3203] [1.0] [cxt 0] Extracting header 'ethernet'
[03:18:00.721] [bmv2] [D] [thread 3203] [1.0] [cxt 0] Parser state 'parse_ethernet': key is 86dd
[03:18:00.721] [bmv2] [T] [thread 3203] [1.0] [cxt 0] Bytes parsed: 14
[03:18:00.721] [bmv2] [D] [thread 3203] [1.0] [cxt 0] Parser 'parser': end
[03:18:00.721] [bmv2] [D] [thread 3203] [1.0] [cxt 0] Pipeline 'ingress': start
[03:18:00.721] [bmv2] [T] [thread 3203] [1.0] [cxt 0] includes/ipv4_forward.p4(37) Condition "hdr.ipv4.isValid()" (node_2) is false
[03:18:00.722] [bmv2] [T] [thread 3203] [1.0] [cxt 0] includes/arp.p4(38) Condition "standard_metadata.ingress_port == 255" (node_4) is false
[03:18:00.722] [bmv2] [T] [thread 3203] [1.0] [cxt 0] Applying table 'basic_learning_switch_ingress.arp.arp_exact'
[03:18:00.722] [bmv2] [D] [thread 3203] [1.0] [cxt 0] Looking up key:
* standard_metadata.ingress_port: 0003
* hdr.ethernet.dstAddr          : 333300000016

[03:18:00.722] [bmv2] [D] [thread 3203] [1.0] [cxt 0] Table 'basic_learning_switch_ingress.arp.arp_exact': miss
[03:18:00.722] [bmv2] [D] [thread 3203] [1.0] [cxt 0] Action entry is basic_learning_switch_ingress.arp.send_to_cpu - 
[03:18:00.722] [bmv2] [T] [thread 3203] [1.0] [cxt 0] Action basic_learning_switch_ingress.arp.send_to_cpu
[03:18:00.722] [bmv2] [T] [thread 3203] [1.0] [cxt 0] includes/arp.p4(11) Primitive standard_metadata.egress_spec = 255
[03:18:00.722] [bmv2] [T] [thread 3203] [1.0] [cxt 0] includes/arp.p4(12) Primitive hdr.packet_in.setValid()
[03:18:00.722] [bmv2] [T] [thread 3203] [1.0] [cxt 0] includes/arp.p4(13) Primitive hdr.packet_in.ingress_port = (bit<16>) standard_metadata.ingress_port
[03:18:00.722] [bmv2] [D] [thread 3203] [1.0] [cxt 0] Pipeline 'ingress': end
[03:18:00.722] [bmv2] [D] [thread 3203] [1.0] [cxt 0] Egress port is 255
[03:18:00.722] [bmv2] [D] [thread 3207] [1.0] [cxt 0] Pipeline 'egress': start
[03:18:00.722] [bmv2] [D] [thread 3207] [1.0] [cxt 0] Pipeline 'egress': end
[03:18:00.722] [bmv2] [D] [thread 3207] [1.0] [cxt 0] Deparser 'deparser': start
[03:18:00.722] [bmv2] [T] [thread 3207] [1.0] [cxt 0] Skipping checksum 'cksum' update because condition not met
[03:18:00.722] [bmv2] [D] [thread 3207] [1.0] [cxt 0] Deparsing header 'packet_in'
[03:18:00.722] [bmv2] [D] [thread 3207] [1.0] [cxt 0] Deparsing header 'ethernet'
[03:18:00.722] [bmv2] [D] [thread 3207] [1.0] [cxt 0] Deparser 'deparser': end
[03:18:00.722] [bmv2] [D] [thread 3208] [1.0] [cxt 0] Transmitting packet of size 92 out of port 255
[03:18:00.722] [bmv2] [D] [thread 3208] Transmitting packet-in
[03:18:00.722] [bmv2] [E] [thread 3208] Error when transmitting packet-in
[03:18:00.918] [bmv2] [D] [thread 3203] [2.0] [cxt 0] Processing packet received on port 1
[03:18:00.918] [bmv2] [D] [thread 3203] [2.0] [cxt 0] Parser 'parser': start
[03:18:00.918] [bmv2] [D] [thread 3203] [2.0] [cxt 0] Parser 'parser' entering state 'start'
[03:18:00.918] [bmv2] [D] [thread 3203] [2.0] [cxt 0] Parser state 'start': key is 0001
[03:18:00.918] [bmv2] [T] [thread 3203] [2.0] [cxt 0] Bytes parsed: 0
[03:18:00.918] [bmv2] [D] [thread 3203] [2.0] [cxt 0] Parser 'parser' entering state 'parse_ethernet'
[03:18:00.918] [bmv2] [D] [thread 3203] [2.0] [cxt 0] Extracting header 'ethernet'
[03:18:00.918] [bmv2] [D] [thread 3203] [2.0] [cxt 0] Parser state 'parse_ethernet': key is 86dd
[03:18:00.918] [bmv2] [T] [thread 3203] [2.0] [cxt 0] Bytes parsed: 14
[03:18:00.919] [bmv2] [D] [thread 3203] [2.0] [cxt 0] Parser 'parser': end
[03:18:00.919] [bmv2] [D] [thread 3203] [2.0] [cxt 0] Pipeline 'ingress': start
[03:18:00.919] [bmv2] [T] [thread 3203] [2.0] [cxt 0] includes/ipv4_forward.p4(37) Condition "hdr.ipv4.isValid()" (node_2) is false
[03:18:00.919] [bmv2] [T] [thread 3203] [2.0] [cxt 0] includes/arp.p4(38) Condition "standard_metadata.ingress_port == 255" (node_4) is false
[03:18:00.919] [bmv2] [T] [thread 3203] [2.0] [cxt 0] Applying table 'basic_learning_switch_ingress.arp.arp_exact'
[03:18:00.919] [bmv2] [D] [thread 3203] [2.0] [cxt 0] Looking up key:
* standard_metadata.ingress_port: 0001
* hdr.ethernet.dstAddr          : 3333ff000101

[03:18:00.919] [bmv2] [D] [thread 3203] [2.0] [cxt 0] Table 'basic_learning_switch_ingress.arp.arp_exact': miss
[03:18:00.919] [bmv2] [D] [thread 3203] [2.0] [cxt 0] Action entry is basic_learning_switch_ingress.arp.send_to_cpu - 
[03:18:00.919] [bmv2] [T] [thread 3203] [2.0] [cxt 0] Action basic_learning_switch_ingress.arp.send_to_cpu
[03:18:00.919] [bmv2] [T] [thread 3203] [2.0] [cxt 0] includes/arp.p4(11) Primitive standard_metadata.egress_spec = 255
[03:18:00.919] [bmv2] [T] [thread 3203] [2.0] [cxt 0] includes/arp.p4(12) Primitive hdr.packet_in.setValid()
[03:18:00.919] [bmv2] [T] [thread 3203] [2.0] [cxt 0] includes/arp.p4(13) Primitive hdr.packet_in.ingress_port = (bit<16>) standard_metadata.ingress_port
[03:18:00.919] [bmv2] [D] [thread 3203] [2.0] [cxt 0] Pipeline 'ingress': end
[03:18:00.919] [bmv2] [D] [thread 3203] [2.0] [cxt 0] Egress port is 255
[03:18:00.919] [bmv2] [D] [thread 3207] [2.0] [cxt 0] Pipeline 'egress': start
[03:18:00.919] [bmv2] [D] [thread 3207] [2.0] [cxt 0] Pipeline 'egress': end
[03:18:00.919] [bmv2] [D] [thread 3207] [2.0] [cxt 0] Deparser 'deparser': start
[03:18:00.919] [bmv2] [T] [thread 3207] [2.0] [cxt 0] Skipping checksum 'cksum' update because condition not met
[03:18:00.919] [bmv2] [D] [thread 3207] [2.0] [cxt 0] Deparsing header 'packet_in'
[03:18:00.919] [bmv2] [D] [thread 3207] [2.0] [cxt 0] Deparsing header 'ethernet'
[03:18:00.919] [bmv2] [D] [thread 3207] [2.0] [cxt 0] Deparser 'deparser': end
[03:18:00.919] [bmv2] [D] [thread 3208] [2.0] [cxt 0] Transmitting packet of size 80 out of port 255
[03:18:00.919] [bmv2] [D] [thread 3208] Transmitting packet-in
[03:18:00.919] [bmv2] [E] [thread 3208] Error when transmitting packet-in
[03:18:01.203] [bmv2] [D] [thread 3203] [3.0] [cxt 0] Processing packet received on port 2
[03:18:01.203] [bmv2] [D] [thread 3203] [3.0] [cxt 0] Parser 'parser': start
[03:18:01.203] [bmv2] [D] [thread 3203] [3.0] [cxt 0] Parser 'parser' entering state 'start'
[03:18:01.203] [bmv2] [D] [thread 3203] [3.0] [cxt 0] Parser state 'start': key is 0002
[03:18:01.203] [bmv2] [T] [thread 3203] [3.0] [cxt 0] Bytes parsed: 0
[03:18:01.203] [bmv2] [D] [thread 3203] [3.0] [cxt 0] Parser 'parser' entering state 'parse_ethernet'
[03:18:01.203] [bmv2] [D] [thread 3203] [3.0] [cxt 0] Extracting header 'ethernet'
[03:18:01.203] [bmv2] [D] [thread 3203] [3.0] [cxt 0] Parser state 'parse_ethernet': key is 86dd
[03:18:01.203] [bmv2] [T] [thread 3203] [3.0] [cxt 0] Bytes parsed: 14
[03:18:01.203] [bmv2] [D] [thread 3203] [3.0] [cxt 0] Parser 'parser': end
[03:18:01.203] [bmv2] [D] [thread 3203] [3.0] [cxt 0] Pipeline 'ingress': start
[03:18:01.203] [bmv2] [T] [thread 3203] [3.0] [cxt 0] includes/ipv4_forward.p4(37) Condition "hdr.ipv4.isValid()" (node_2) is false
[03:18:01.203] [bmv2] [T] [thread 3203] [3.0] [cxt 0] includes/arp.p4(38) Condition "standard_metadata.ingress_port == 255" (node_4) is false
[03:18:01.203] [bmv2] [T] [thread 3203] [3.0] [cxt 0] Applying table 'basic_learning_switch_ingress.arp.arp_exact'
[03:18:01.203] [bmv2] [D] [thread 3203] [3.0] [cxt 0] Looking up key:
* standard_metadata.ingress_port: 0002
* hdr.ethernet.dstAddr          : 333300000016

[03:18:01.203] [bmv2] [D] [thread 3203] [3.0] [cxt 0] Table 'basic_learning_switch_ingress.arp.arp_exact': miss
[03:18:01.203] [bmv2] [D] [thread 3203] [3.0] [cxt 0] Action entry is basic_learning_switch_ingress.arp.send_to_cpu - 
[03:18:01.203] [bmv2] [T] [thread 3203] [3.0] [cxt 0] Action basic_learning_switch_ingress.arp.send_to_cpu
[03:18:01.203] [bmv2] [T] [thread 3203] [3.0] [cxt 0] includes/arp.p4(11) Primitive standard_metadata.egress_spec = 255
[03:18:01.203] [bmv2] [T] [thread 3203] [3.0] [cxt 0] includes/arp.p4(12) Primitive hdr.packet_in.setValid()
[03:18:01.203] [bmv2] [T] [thread 3203] [3.0] [cxt 0] includes/arp.p4(13) Primitive hdr.packet_in.ingress_port = (bit<16>) standard_metadata.ingress_port
[03:18:01.203] [bmv2] [D] [thread 3203] [3.0] [cxt 0] Pipeline 'ingress': end
[03:18:01.203] [bmv2] [D] [thread 3203] [3.0] [cxt 0] Egress port is 255
[03:18:01.203] [bmv2] [D] [thread 3203] [4.0] [cxt 0] Processing packet received on port 2
[03:18:01.203] [bmv2] [D] [thread 3203] [4.0] [cxt 0] Parser 'parser': start
[03:18:01.203] [bmv2] [D] [thread 3203] [4.0] [cxt 0] Parser 'parser' entering state 'start'
[03:18:01.203] [bmv2] [D] [thread 3203] [4.0] [cxt 0] Parser state 'start': key is 0002
[03:18:01.203] [bmv2] [T] [thread 3203] [4.0] [cxt 0] Bytes parsed: 0
[03:18:01.203] [bmv2] [D] [thread 3203] [4.0] [cxt 0] Parser 'parser' entering state 'parse_ethernet'
[03:18:01.203] [bmv2] [D] [thread 3203] [4.0] [cxt 0] Extracting header 'ethernet'
[03:18:01.203] [bmv2] [D] [thread 3203] [4.0] [cxt 0] Parser state 'parse_ethernet': key is 86dd
[03:18:01.203] [bmv2] [T] [thread 3203] [4.0] [cxt 0] Bytes parsed: 14
[03:18:01.203] [bmv2] [D] [thread 3203] [4.0] [cxt 0] Parser 'parser': end
[03:18:01.203] [bmv2] [D] [thread 3203] [4.0] [cxt 0] Pipeline 'ingress': start
[03:18:01.203] [bmv2] [T] [thread 3203] [4.0] [cxt 0] includes/ipv4_forward.p4(37) Condition "hdr.ipv4.isValid()" (node_2) is false
[03:18:01.203] [bmv2] [T] [thread 3203] [4.0] [cxt 0] includes/arp.p4(38) Condition "standard_metadata.ingress_port == 255" (node_4) is false
[03:18:01.203] [bmv2] [T] [thread 3203] [4.0] [cxt 0] Applying table 'basic_learning_switch_ingress.arp.arp_exact'
[03:18:01.203] [bmv2] [D] [thread 3203] [4.0] [cxt 0] Looking up key:
* standard_metadata.ingress_port: 0002
* hdr.ethernet.dstAddr          : 333300000002

[03:18:01.203] [bmv2] [D] [thread 3203] [4.0] [cxt 0] Table 'basic_learning_switch_ingress.arp.arp_exact': miss
[03:18:01.203] [bmv2] [D] [thread 3203] [4.0] [cxt 0] Action entry is basic_learning_switch_ingress.arp.send_to_cpu - 
[03:18:01.203] [bmv2] [T] [thread 3203] [4.0] [cxt 0] Action basic_learning_switch_ingress.arp.send_to_cpu
[03:18:01.203] [bmv2] [T] [thread 3203] [4.0] [cxt 0] includes/arp.p4(11) Primitive standard_metadata.egress_spec = 255
[03:18:01.203] [bmv2] [T] [thread 3203] [4.0] [cxt 0] includes/arp.p4(12) Primitive hdr.packet_in.setValid()
[03:18:01.203] [bmv2] [T] [thread 3203] [4.0] [cxt 0] includes/arp.p4(13) Primitive hdr.packet_in.ingress_port = (bit<16>) standard_metadata.ingress_port
[03:18:01.203] [bmv2] [D] [thread 3203] [4.0] [cxt 0] Pipeline 'ingress': end
[03:18:01.204] [bmv2] [D] [thread 3203] [4.0] [cxt 0] Egress port is 255
[03:18:01.204] [bmv2] [D] [thread 3207] [3.0] [cxt 0] Pipeline 'egress': start
[03:18:01.204] [bmv2] [D] [thread 3207] [3.0] [cxt 0] Pipeline 'egress': end
[03:18:01.204] [bmv2] [D] [thread 3207] [3.0] [cxt 0] Deparser 'deparser': start
[03:18:01.204] [bmv2] [T] [thread 3207] [3.0] [cxt 0] Skipping checksum 'cksum' update because condition not met
[03:18:01.204] [bmv2] [D] [thread 3207] [3.0] [cxt 0] Deparsing header 'packet_in'
[03:18:01.204] [bmv2] [D] [thread 3207] [3.0] [cxt 0] Deparsing header 'ethernet'
[03:18:01.204] [bmv2] [D] [thread 3207] [3.0] [cxt 0] Deparser 'deparser': end
[03:18:01.204] [bmv2] [D] [thread 3207] [4.0] [cxt 0] Pipeline 'egress': start
[03:18:01.204] [bmv2] [D] [thread 3207] [4.0] [cxt 0] Pipeline 'egress': end
[03:18:01.204] [bmv2] [D] [thread 3207] [4.0] [cxt 0] Deparser 'deparser': start
[03:18:01.204] [bmv2] [T] [thread 3207] [4.0] [cxt 0] Skipping checksum 'cksum' update because condition not met
[03:18:01.204] [bmv2] [D] [thread 3207] [4.0] [cxt 0] Deparsing header 'packet_in'
[03:18:01.204] [bmv2] [D] [thread 3207] [4.0] [cxt 0] Deparsing header 'ethernet'
[03:18:01.204] [bmv2] [D] [thread 3207] [4.0] [cxt 0] Deparser 'deparser': end
[03:18:01.204] [bmv2] [D] [thread 3208] [3.0] [cxt 0] Transmitting packet of size 92 out of port 255
[03:18:01.204] [bmv2] [D] [thread 3208] Transmitting packet-in
[03:18:01.204] [bmv2] [E] [thread 3208] Error when transmitting packet-in
[03:18:01.204] [bmv2] [D] [thread 3208] [4.0] [cxt 0] Transmitting packet of size 72 out of port 255
[03:18:01.204] [bmv2] [D] [thread 3208] Transmitting packet-in
[03:18:01.204] [bmv2] [E] [thread 3208] Error when transmitting packet-in
[03:18:01.370] [bmv2] [D] [thread 3203] [5.0] [cxt 0] Processing packet received on port 3
[03:18:01.370] [bmv2] [D] [thread 3203] [5.0] [cxt 0] Parser 'parser': start
[03:18:01.370] [bmv2] [D] [thread 3203] [5.0] [cxt 0] Parser 'parser' entering state 'start'
[03:18:01.370] [bmv2] [D] [thread 3203] [5.0] [cxt 0] Parser state 'start': key is 0003
[03:18:01.370] [bmv2] [T] [thread 3203] [5.0] [cxt 0] Bytes parsed: 0
[03:18:01.370] [bmv2] [D] [thread 3203] [5.0] [cxt 0] Parser 'parser' entering state 'parse_ethernet'
[03:18:01.370] [bmv2] [D] [thread 3203] [5.0] [cxt 0] Extracting header 'ethernet'
[03:18:01.371] [bmv2] [D] [thread 3203] [5.0] [cxt 0] Parser state 'parse_ethernet': key is 86dd
[03:18:01.371] [bmv2] [T] [thread 3203] [5.0] [cxt 0] Bytes parsed: 14
[03:18:01.371] [bmv2] [D] [thread 3203] [5.0] [cxt 0] Parser 'parser': end
[03:18:01.371] [bmv2] [D] [thread 3203] [5.0] [cxt 0] Pipeline 'ingress': start
[03:18:01.371] [bmv2] [T] [thread 3203] [5.0] [cxt 0] includes/ipv4_forward.p4(37) Condition "hdr.ipv4.isValid()" (node_2) is false
[03:18:01.371] [bmv2] [T] [thread 3203] [5.0] [cxt 0] includes/arp.p4(38) Condition "standard_metadata.ingress_port == 255" (node_4) is false
[03:18:01.371] [bmv2] [T] [thread 3203] [5.0] [cxt 0] Applying table 'basic_learning_switch_ingress.arp.arp_exact'
[03:18:01.371] [bmv2] [D] [thread 3203] [5.0] [cxt 0] Looking up key:
* standard_metadata.ingress_port: 0003
* hdr.ethernet.dstAddr          : 333300000016

[03:18:01.371] [bmv2] [D] [thread 3203] [5.0] [cxt 0] Table 'basic_learning_switch_ingress.arp.arp_exact': miss
[03:18:01.371] [bmv2] [D] [thread 3203] [5.0] [cxt 0] Action entry is basic_learning_switch_ingress.arp.send_to_cpu - 
[03:18:01.371] [bmv2] [T] [thread 3203] [5.0] [cxt 0] Action basic_learning_switch_ingress.arp.send_to_cpu
[03:18:01.371] [bmv2] [T] [thread 3203] [5.0] [cxt 0] includes/arp.p4(11) Primitive standard_metadata.egress_spec = 255
[03:18:01.371] [bmv2] [T] [thread 3203] [5.0] [cxt 0] includes/arp.p4(12) Primitive hdr.packet_in.setValid()
[03:18:01.371] [bmv2] [T] [thread 3203] [5.0] [cxt 0] includes/arp.p4(13) Primitive hdr.packet_in.ingress_port = (bit<16>) standard_metadata.ingress_port
[03:18:01.371] [bmv2] [D] [thread 3203] [5.0] [cxt 0] Pipeline 'ingress': end
[03:18:01.371] [bmv2] [D] [thread 3203] [5.0] [cxt 0] Egress port is 255
[03:18:01.371] [bmv2] [D] [thread 3203] [6.0] [cxt 0] Processing packet received on port 3
[03:18:01.371] [bmv2] [D] [thread 3203] [6.0] [cxt 0] Parser 'parser': start
[03:18:01.371] [bmv2] [D] [thread 3203] [6.0] [cxt 0] Parser 'parser' entering state 'start'
[03:18:01.371] [bmv2] [D] [thread 3203] [6.0] [cxt 0] Parser state 'start': key is 0003
[03:18:01.371] [bmv2] [T] [thread 3203] [6.0] [cxt 0] Bytes parsed: 0
[03:18:01.371] [bmv2] [D] [thread 3203] [6.0] [cxt 0] Parser 'parser' entering state 'parse_ethernet'
[03:18:01.371] [bmv2] [D] [thread 3203] [6.0] [cxt 0] Extracting header 'ethernet'
[03:18:01.371] [bmv2] [D] [thread 3203] [6.0] [cxt 0] Parser state 'parse_ethernet': key is 86dd
[03:18:01.371] [bmv2] [T] [thread 3203] [6.0] [cxt 0] Bytes parsed: 14
[03:18:01.371] [bmv2] [D] [thread 3203] [6.0] [cxt 0] Parser 'parser': end
[03:18:01.371] [bmv2] [D] [thread 3203] [6.0] [cxt 0] Pipeline 'ingress': start
[03:18:01.371] [bmv2] [T] [thread 3203] [6.0] [cxt 0] includes/ipv4_forward.p4(37) Condition "hdr.ipv4.isValid()" (node_2) is false
[03:18:01.371] [bmv2] [T] [thread 3203] [6.0] [cxt 0] includes/arp.p4(38) Condition "standard_metadata.ingress_port == 255" (node_4) is false
[03:18:01.371] [bmv2] [T] [thread 3203] [6.0] [cxt 0] Applying table 'basic_learning_switch_ingress.arp.arp_exact'
[03:18:01.371] [bmv2] [D] [thread 3203] [6.0] [cxt 0] Looking up key:
* standard_metadata.ingress_port: 0003
* hdr.ethernet.dstAddr          : 333300000002

[03:18:01.371] [bmv2] [D] [thread 3203] [6.0] [cxt 0] Table 'basic_learning_switch_ingress.arp.arp_exact': miss
[03:18:01.371] [bmv2] [D] [thread 3203] [6.0] [cxt 0] Action entry is basic_learning_switch_ingress.arp.send_to_cpu - 
[03:18:01.371] [bmv2] [T] [thread 3203] [6.0] [cxt 0] Action basic_learning_switch_ingress.arp.send_to_cpu
[03:18:01.371] [bmv2] [T] [thread 3203] [6.0] [cxt 0] includes/arp.p4(11) Primitive standard_metadata.egress_spec = 255
[03:18:01.371] [bmv2] [T] [thread 3203] [6.0] [cxt 0] includes/arp.p4(12) Primitive hdr.packet_in.setValid()
[03:18:01.371] [bmv2] [T] [thread 3203] [6.0] [cxt 0] includes/arp.p4(13) Primitive hdr.packet_in.ingress_port = (bit<16>) standard_metadata.ingress_port
[03:18:01.371] [bmv2] [D] [thread 3203] [6.0] [cxt 0] Pipeline 'ingress': end
[03:18:01.371] [bmv2] [D] [thread 3203] [6.0] [cxt 0] Egress port is 255
[03:18:01.371] [bmv2] [D] [thread 3207] [5.0] [cxt 0] Pipeline 'egress': start
[03:18:01.371] [bmv2] [D] [thread 3207] [5.0] [cxt 0] Pipeline 'egress': end
[03:18:01.371] [bmv2] [D] [thread 3207] [5.0] [cxt 0] Deparser 'deparser': start
[03:18:01.371] [bmv2] [T] [thread 3207] [5.0] [cxt 0] Skipping checksum 'cksum' update because condition not met
[03:18:01.371] [bmv2] [D] [thread 3207] [5.0] [cxt 0] Deparsing header 'packet_in'
[03:18:01.371] [bmv2] [D] [thread 3207] [5.0] [cxt 0] Deparsing header 'ethernet'
[03:18:01.371] [bmv2] [D] [thread 3207] [5.0] [cxt 0] Deparser 'deparser': end
[03:18:01.371] [bmv2] [D] [thread 3207] [6.0] [cxt 0] Pipeline 'egress': start
[03:18:01.371] [bmv2] [D] [thread 3207] [6.0] [cxt 0] Pipeline 'egress': end
[03:18:01.371] [bmv2] [D] [thread 3207] [6.0] [cxt 0] Deparser 'deparser': start
[03:18:01.371] [bmv2] [T] [thread 3207] [6.0] [cxt 0] Skipping checksum 'cksum' update because condition not met
[03:18:01.371] [bmv2] [D] [thread 3207] [6.0] [cxt 0] Deparsing header 'packet_in'
[03:18:01.371] [bmv2] [D] [thread 3207] [6.0] [cxt 0] Deparsing header 'ethernet'
[03:18:01.371] [bmv2] [D] [thread 3207] [6.0] [cxt 0] Deparser 'deparser': end
[03:18:01.371] [bmv2] [D] [thread 3208] [5.0] [cxt 0] Transmitting packet of size 92 out of port 255
[03:18:01.371] [bmv2] [D] [thread 3208] Transmitting packet-in
[03:18:01.371] [bmv2] [E] [thread 3208] Error when transmitting packet-in
[03:18:01.371] [bmv2] [D] [thread 3208] [6.0] [cxt 0] Transmitting packet of size 72 out of port 255
[03:18:01.371] [bmv2] [D] [thread 3208] Transmitting packet-in
[03:18:01.371] [bmv2] [E] [thread 3208] Error when transmitting packet-in
[03:18:01.561] [bmv2] [D] [thread 3203] [7.0] [cxt 0] Processing packet received on port 2
[03:18:01.561] [bmv2] [D] [thread 3203] [7.0] [cxt 0] Parser 'parser': start
[03:18:01.561] [bmv2] [D] [thread 3203] [7.0] [cxt 0] Parser 'parser' entering state 'start'
[03:18:01.561] [bmv2] [D] [thread 3203] [7.0] [cxt 0] Parser state 'start': key is 0002
[03:18:01.561] [bmv2] [T] [thread 3203] [7.0] [cxt 0] Bytes parsed: 0
[03:18:01.561] [bmv2] [D] [thread 3203] [7.0] [cxt 0] Parser 'parser' entering state 'parse_ethernet'
[03:18:01.561] [bmv2] [D] [thread 3203] [7.0] [cxt 0] Extracting header 'ethernet'
[03:18:01.561] [bmv2] [D] [thread 3203] [7.0] [cxt 0] Parser state 'parse_ethernet': key is 86dd
[03:18:01.561] [bmv2] [T] [thread 3203] [7.0] [cxt 0] Bytes parsed: 14
[03:18:01.561] [bmv2] [D] [thread 3203] [7.0] [cxt 0] Parser 'parser': end
[03:18:01.561] [bmv2] [D] [thread 3203] [7.0] [cxt 0] Pipeline 'ingress': start
[03:18:01.561] [bmv2] [T] [thread 3203] [7.0] [cxt 0] includes/ipv4_forward.p4(37) Condition "hdr.ipv4.isValid()" (node_2) is false
[03:18:01.561] [bmv2] [T] [thread 3203] [7.0] [cxt 0] includes/arp.p4(38) Condition "standard_metadata.ingress_port == 255" (node_4) is false
[03:18:01.561] [bmv2] [T] [thread 3203] [7.0] [cxt 0] Applying table 'basic_learning_switch_ingress.arp.arp_exact'
[03:18:01.562] [bmv2] [D] [thread 3203] [7.0] [cxt 0] Looking up key:
* standard_metadata.ingress_port: 0002
* hdr.ethernet.dstAddr          : 333300000016

[03:18:01.562] [bmv2] [D] [thread 3203] [7.0] [cxt 0] Table 'basic_learning_switch_ingress.arp.arp_exact': miss
[03:18:01.562] [bmv2] [D] [thread 3203] [7.0] [cxt 0] Action entry is basic_learning_switch_ingress.arp.send_to_cpu - 
[03:18:01.562] [bmv2] [T] [thread 3203] [7.0] [cxt 0] Action basic_learning_switch_ingress.arp.send_to_cpu
[03:18:01.562] [bmv2] [T] [thread 3203] [7.0] [cxt 0] includes/arp.p4(11) Primitive standard_metadata.egress_spec = 255
[03:18:01.562] [bmv2] [T] [thread 3203] [7.0] [cxt 0] includes/arp.p4(12) Primitive hdr.packet_in.setValid()
[03:18:01.562] [bmv2] [T] [thread 3203] [7.0] [cxt 0] includes/arp.p4(13) Primitive hdr.packet_in.ingress_port = (bit<16>) standard_metadata.ingress_port
[03:18:01.562] [bmv2] [D] [thread 3203] [7.0] [cxt 0] Pipeline 'ingress': end
[03:18:01.562] [bmv2] [D] [thread 3203] [7.0] [cxt 0] Egress port is 255
[03:18:01.562] [bmv2] [D] [thread 3207] [7.0] [cxt 0] Pipeline 'egress': start
[03:18:01.562] [bmv2] [D] [thread 3207] [7.0] [cxt 0] Pipeline 'egress': end
[03:18:01.562] [bmv2] [D] [thread 3207] [7.0] [cxt 0] Deparser 'deparser': start
[03:18:01.562] [bmv2] [T] [thread 3207] [7.0] [cxt 0] Skipping checksum 'cksum' update because condition not met
[03:18:01.562] [bmv2] [D] [thread 3207] [7.0] [cxt 0] Deparsing header 'packet_in'
[03:18:01.562] [bmv2] [D] [thread 3207] [7.0] [cxt 0] Deparsing header 'ethernet'
[03:18:01.562] [bmv2] [D] [thread 3207] [7.0] [cxt 0] Deparser 'deparser': end
[03:18:01.562] [bmv2] [D] [thread 3208] [7.0] [cxt 0] Transmitting packet of size 92 out of port 255
[03:18:01.562] [bmv2] [D] [thread 3208] Transmitting packet-in
[03:18:01.562] [bmv2] [E] [thread 3208] Error when transmitting packet-in
[03:18:01.853] [bmv2] [D] [thread 3203] [8.0] [cxt 0] Processing packet received on port 1
[03:18:01.853] [bmv2] [D] [thread 3203] [8.0] [cxt 0] Parser 'parser': start
[03:18:01.853] [bmv2] [D] [thread 3203] [8.0] [cxt 0] Parser 'parser' entering state 'start'
[03:18:01.853] [bmv2] [D] [thread 3203] [8.0] [cxt 0] Parser state 'start': key is 0001
[03:18:01.853] [bmv2] [T] [thread 3203] [8.0] [cxt 0] Bytes parsed: 0
[03:18:01.853] [bmv2] [D] [thread 3203] [8.0] [cxt 0] Parser 'parser' entering state 'parse_ethernet'
[03:18:01.853] [bmv2] [D] [thread 3203] [8.0] [cxt 0] Extracting header 'ethernet'
[03:18:01.853] [bmv2] [D] [thread 3203] [8.0] [cxt 0] Parser state 'parse_ethernet': key is 86dd
[03:18:01.853] [bmv2] [T] [thread 3203] [8.0] [cxt 0] Bytes parsed: 14
[03:18:01.853] [bmv2] [D] [thread 3203] [8.0] [cxt 0] Parser 'parser': end
[03:18:01.853] [bmv2] [D] [thread 3203] [8.0] [cxt 0] Pipeline 'ingress': start
[03:18:01.853] [bmv2] [T] [thread 3203] [8.0] [cxt 0] includes/ipv4_forward.p4(37) Condition "hdr.ipv4.isValid()" (node_2) is false
[03:18:01.853] [bmv2] [T] [thread 3203] [8.0] [cxt 0] includes/arp.p4(38) Condition "standard_metadata.ingress_port == 255" (node_4) is false
[03:18:01.853] [bmv2] [T] [thread 3203] [8.0] [cxt 0] Applying table 'basic_learning_switch_ingress.arp.arp_exact'
[03:18:01.853] [bmv2] [D] [thread 3203] [8.0] [cxt 0] Looking up key:
* standard_metadata.ingress_port: 0001
* hdr.ethernet.dstAddr          : 333300000016

[03:18:01.853] [bmv2] [D] [thread 3203] [8.0] [cxt 0] Table 'basic_learning_switch_ingress.arp.arp_exact': miss
[03:18:01.853] [bmv2] [D] [thread 3203] [8.0] [cxt 0] Action entry is basic_learning_switch_ingress.arp.send_to_cpu - 
[03:18:01.853] [bmv2] [T] [thread 3203] [8.0] [cxt 0] Action basic_learning_switch_ingress.arp.send_to_cpu
[03:18:01.853] [bmv2] [T] [thread 3203] [8.0] [cxt 0] includes/arp.p4(11) Primitive standard_metadata.egress_spec = 255
[03:18:01.853] [bmv2] [T] [thread 3203] [8.0] [cxt 0] includes/arp.p4(12) Primitive hdr.packet_in.setValid()
[03:18:01.853] [bmv2] [T] [thread 3203] [8.0] [cxt 0] includes/arp.p4(13) Primitive hdr.packet_in.ingress_port = (bit<16>) standard_metadata.ingress_port
[03:18:01.853] [bmv2] [D] [thread 3203] [8.0] [cxt 0] Pipeline 'ingress': end
[03:18:01.853] [bmv2] [D] [thread 3203] [8.0] [cxt 0] Egress port is 255
[03:18:01.853] [bmv2] [D] [thread 3207] [8.0] [cxt 0] Pipeline 'egress': start
[03:18:01.853] [bmv2] [D] [thread 3207] [8.0] [cxt 0] Pipeline 'egress': end
[03:18:01.853] [bmv2] [D] [thread 3207] [8.0] [cxt 0] Deparser 'deparser': start
[03:18:01.853] [bmv2] [T] [thread 3207] [8.0] [cxt 0] Skipping checksum 'cksum' update because condition not met
[03:18:01.853] [bmv2] [D] [thread 3207] [8.0] [cxt 0] Deparsing header 'packet_in'
[03:18:01.853] [bmv2] [D] [thread 3207] [8.0] [cxt 0] Deparsing header 'ethernet'
[03:18:01.853] [bmv2] [D] [thread 3207] [8.0] [cxt 0] Deparser 'deparser': end
[03:18:01.853] [bmv2] [D] [thread 3208] [8.0] [cxt 0] Transmitting packet of size 92 out of port 255
[03:18:01.853] [bmv2] [D] [thread 3208] Transmitting packet-in
[03:18:01.853] [bmv2] [E] [thread 3208] Error when transmitting packet-in
[03:18:01.873] [bmv2] [D] [thread 3203] [9.0] [cxt 0] Processing packet received on port 2
[03:18:01.873] [bmv2] [D] [thread 3203] [9.0] [cxt 0] Parser 'parser': start
[03:18:01.873] [bmv2] [D] [thread 3203] [9.0] [cxt 0] Parser 'parser' entering state 'start'
[03:18:01.873] [bmv2] [D] [thread 3203] [9.0] [cxt 0] Parser state 'start': key is 0002
[03:18:01.873] [bmv2] [T] [thread 3203] [9.0] [cxt 0] Bytes parsed: 0
[03:18:01.873] [bmv2] [D] [thread 3203] [9.0] [cxt 0] Parser 'parser' entering state 'parse_ethernet'
[03:18:01.873] [bmv2] [D] [thread 3203] [9.0] [cxt 0] Extracting header 'ethernet'
[03:18:01.873] [bmv2] [D] [thread 3203] [9.0] [cxt 0] Parser state 'parse_ethernet': key is 86dd
[03:18:01.873] [bmv2] [T] [thread 3203] [9.0] [cxt 0] Bytes parsed: 14
[03:18:01.873] [bmv2] [D] [thread 3203] [9.0] [cxt 0] Parser 'parser': end
[03:18:01.873] [bmv2] [D] [thread 3203] [9.0] [cxt 0] Pipeline 'ingress': start
[03:18:01.873] [bmv2] [T] [thread 3203] [9.0] [cxt 0] includes/ipv4_forward.p4(37) Condition "hdr.ipv4.isValid()" (node_2) is false
[03:18:01.873] [bmv2] [T] [thread 3203] [9.0] [cxt 0] includes/arp.p4(38) Condition "standard_metadata.ingress_port == 255" (node_4) is false
[03:18:01.873] [bmv2] [T] [thread 3203] [9.0] [cxt 0] Applying table 'basic_learning_switch_ingress.arp.arp_exact'
[03:18:01.873] [bmv2] [D] [thread 3203] [9.0] [cxt 0] Looking up key:
* standard_metadata.ingress_port: 0002
* hdr.ethernet.dstAddr          : 333300000016

[03:18:01.873] [bmv2] [D] [thread 3203] [9.0] [cxt 0] Table 'basic_learning_switch_ingress.arp.arp_exact': miss
[03:18:01.873] [bmv2] [D] [thread 3203] [9.0] [cxt 0] Action entry is basic_learning_switch_ingress.arp.send_to_cpu - 
[03:18:01.873] [bmv2] [T] [thread 3203] [9.0] [cxt 0] Action basic_learning_switch_ingress.arp.send_to_cpu
[03:18:01.873] [bmv2] [T] [thread 3203] [9.0] [cxt 0] includes/arp.p4(11) Primitive standard_metadata.egress_spec = 255
[03:18:01.873] [bmv2] [T] [thread 3203] [9.0] [cxt 0] includes/arp.p4(12) Primitive hdr.packet_in.setValid()
[03:18:01.873] [bmv2] [T] [thread 3203] [9.0] [cxt 0] includes/arp.p4(13) Primitive hdr.packet_in.ingress_port = (bit<16>) standard_metadata.ingress_port
[03:18:01.873] [bmv2] [D] [thread 3203] [9.0] [cxt 0] Pipeline 'ingress': end
[03:18:01.873] [bmv2] [D] [thread 3203] [9.0] [cxt 0] Egress port is 255
[03:18:01.873] [bmv2] [D] [thread 3207] [9.0] [cxt 0] Pipeline 'egress': start
[03:18:01.873] [bmv2] [D] [thread 3207] [9.0] [cxt 0] Pipeline 'egress': end
[03:18:01.873] [bmv2] [D] [thread 3207] [9.0] [cxt 0] Deparser 'deparser': start
[03:18:01.873] [bmv2] [T] [thread 3207] [9.0] [cxt 0] Skipping checksum 'cksum' update because condition not met
[03:18:01.873] [bmv2] [D] [thread 3207] [9.0] [cxt 0] Deparsing header 'packet_in'
[03:18:01.873] [bmv2] [D] [thread 3207] [9.0] [cxt 0] Deparsing header 'ethernet'
[03:18:01.873] [bmv2] [D] [thread 3207] [9.0] [cxt 0] Deparser 'deparser': end
[03:18:01.873] [bmv2] [D] [thread 3208] [9.0] [cxt 0] Transmitting packet of size 92 out of port 255
[03:18:01.873] [bmv2] [D] [thread 3208] Transmitting packet-in
[03:18:01.873] [bmv2] [E] [thread 3208] Error when transmitting packet-in
[03:18:01.897] [bmv2] [D] [thread 3203] [10.0] [cxt 0] Processing packet received on port 3
[03:18:01.897] [bmv2] [D] [thread 3203] [10.0] [cxt 0] Parser 'parser': start
[03:18:01.897] [bmv2] [D] [thread 3203] [10.0] [cxt 0] Parser 'parser' entering state 'start'
[03:18:01.897] [bmv2] [D] [thread 3203] [10.0] [cxt 0] Parser state 'start': key is 0003
[03:18:01.897] [bmv2] [T] [thread 3203] [10.0] [cxt 0] Bytes parsed: 0
[03:18:01.897] [bmv2] [D] [thread 3203] [10.0] [cxt 0] Parser 'parser' entering state 'parse_ethernet'
[03:18:01.897] [bmv2] [D] [thread 3203] [10.0] [cxt 0] Extracting header 'ethernet'
[03:18:01.897] [bmv2] [D] [thread 3203] [10.0] [cxt 0] Parser state 'parse_ethernet': key is 86dd
[03:18:01.897] [bmv2] [T] [thread 3203] [10.0] [cxt 0] Bytes parsed: 14
[03:18:01.897] [bmv2] [D] [thread 3203] [10.0] [cxt 0] Parser 'parser': end
[03:18:01.897] [bmv2] [D] [thread 3203] [10.0] [cxt 0] Pipeline 'ingress': start
[03:18:01.897] [bmv2] [T] [thread 3203] [10.0] [cxt 0] includes/ipv4_forward.p4(37) Condition "hdr.ipv4.isValid()" (node_2) is false
[03:18:01.897] [bmv2] [T] [thread 3203] [10.0] [cxt 0] includes/arp.p4(38) Condition "standard_metadata.ingress_port == 255" (node_4) is false
[03:18:01.897] [bmv2] [T] [thread 3203] [10.0] [cxt 0] Applying table 'basic_learning_switch_ingress.arp.arp_exact'
[03:18:01.897] [bmv2] [D] [thread 3203] [10.0] [cxt 0] Looking up key:
* standard_metadata.ingress_port: 0003
* hdr.ethernet.dstAddr          : 333300000016

[03:18:01.897] [bmv2] [D] [thread 3203] [10.0] [cxt 0] Table 'basic_learning_switch_ingress.arp.arp_exact': miss
[03:18:01.897] [bmv2] [D] [thread 3203] [10.0] [cxt 0] Action entry is basic_learning_switch_ingress.arp.send_to_cpu - 
[03:18:01.897] [bmv2] [T] [thread 3203] [10.0] [cxt 0] Action basic_learning_switch_ingress.arp.send_to_cpu
[03:18:01.897] [bmv2] [T] [thread 3203] [10.0] [cxt 0] includes/arp.p4(11) Primitive standard_metadata.egress_spec = 255
[03:18:01.897] [bmv2] [T] [thread 3203] [10.0] [cxt 0] includes/arp.p4(12) Primitive hdr.packet_in.setValid()
[03:18:01.897] [bmv2] [T] [thread 3203] [10.0] [cxt 0] includes/arp.p4(13) Primitive hdr.packet_in.ingress_port = (bit<16>) standard_metadata.ingress_port
[03:18:01.897] [bmv2] [D] [thread 3203] [10.0] [cxt 0] Pipeline 'ingress': end
[03:18:01.897] [bmv2] [D] [thread 3203] [10.0] [cxt 0] Egress port is 255
[03:18:01.897] [bmv2] [D] [thread 3207] [10.0] [cxt 0] Pipeline 'egress': start
[03:18:01.897] [bmv2] [D] [thread 3207] [10.0] [cxt 0] Pipeline 'egress': end
[03:18:01.897] [bmv2] [D] [thread 3207] [10.0] [cxt 0] Deparser 'deparser': start
[03:18:01.897] [bmv2] [T] [thread 3207] [10.0] [cxt 0] Skipping checksum 'cksum' update because condition not met
[03:18:01.897] [bmv2] [D] [thread 3207] [10.0] [cxt 0] Deparsing header 'packet_in'
[03:18:01.897] [bmv2] [D] [thread 3207] [10.0] [cxt 0] Deparsing header 'ethernet'
[03:18:01.897] [bmv2] [D] [thread 3207] [10.0] [cxt 0] Deparser 'deparser': end
[03:18:01.897] [bmv2] [D] [thread 3208] [10.0] [cxt 0] Transmitting packet of size 92 out of port 255
[03:18:01.897] [bmv2] [D] [thread 3208] Transmitting packet-in
[03:18:01.897] [bmv2] [E] [thread 3208] Error when transmitting packet-in
[03:18:01.918] [bmv2] [D] [thread 3203] [11.0] [cxt 0] Processing packet received on port 1
[03:18:01.918] [bmv2] [D] [thread 3203] [11.0] [cxt 0] Parser 'parser': start
[03:18:01.918] [bmv2] [D] [thread 3203] [11.0] [cxt 0] Parser 'parser' entering state 'start'
[03:18:01.919] [bmv2] [D] [thread 3203] [11.0] [cxt 0] Parser state 'start': key is 0001
[03:18:01.919] [bmv2] [T] [thread 3203] [11.0] [cxt 0] Bytes parsed: 0
[03:18:01.919] [bmv2] [D] [thread 3203] [11.0] [cxt 0] Parser 'parser' entering state 'parse_ethernet'
[03:18:01.919] [bmv2] [D] [thread 3203] [11.0] [cxt 0] Extracting header 'ethernet'
[03:18:01.919] [bmv2] [D] [thread 3203] [11.0] [cxt 0] Parser state 'parse_ethernet': key is 86dd
[03:18:01.919] [bmv2] [T] [thread 3203] [11.0] [cxt 0] Bytes parsed: 14
[03:18:01.919] [bmv2] [D] [thread 3203] [11.0] [cxt 0] Parser 'parser': end
[03:18:01.919] [bmv2] [D] [thread 3203] [11.0] [cxt 0] Pipeline 'ingress': start
[03:18:01.919] [bmv2] [T] [thread 3203] [11.0] [cxt 0] includes/ipv4_forward.p4(37) Condition "hdr.ipv4.isValid()" (node_2) is false
[03:18:01.919] [bmv2] [T] [thread 3203] [11.0] [cxt 0] includes/arp.p4(38) Condition "standard_metadata.ingress_port == 255" (node_4) is false
[03:18:01.919] [bmv2] [T] [thread 3203] [11.0] [cxt 0] Applying table 'basic_learning_switch_ingress.arp.arp_exact'
[03:18:01.919] [bmv2] [D] [thread 3203] [11.0] [cxt 0] Looking up key:
* standard_metadata.ingress_port: 0001
* hdr.ethernet.dstAddr          : 333300000016

[03:18:01.919] [bmv2] [D] [thread 3203] [11.0] [cxt 0] Table 'basic_learning_switch_ingress.arp.arp_exact': miss
[03:18:01.919] [bmv2] [D] [thread 3203] [11.0] [cxt 0] Action entry is basic_learning_switch_ingress.arp.send_to_cpu - 
[03:18:01.919] [bmv2] [T] [thread 3203] [11.0] [cxt 0] Action basic_learning_switch_ingress.arp.send_to_cpu
[03:18:01.919] [bmv2] [T] [thread 3203] [11.0] [cxt 0] includes/arp.p4(11) Primitive standard_metadata.egress_spec = 255
[03:18:01.919] [bmv2] [T] [thread 3203] [11.0] [cxt 0] includes/arp.p4(12) Primitive hdr.packet_in.setValid()
[03:18:01.919] [bmv2] [T] [thread 3203] [11.0] [cxt 0] includes/arp.p4(13) Primitive hdr.packet_in.ingress_port = (bit<16>) standard_metadata.ingress_port
[03:18:01.919] [bmv2] [D] [thread 3203] [11.0] [cxt 0] Pipeline 'ingress': end
[03:18:01.919] [bmv2] [D] [thread 3203] [11.0] [cxt 0] Egress port is 255
[03:18:01.919] [bmv2] [D] [thread 3203] [12.0] [cxt 0] Processing packet received on port 1
[03:18:01.919] [bmv2] [D] [thread 3203] [12.0] [cxt 0] Parser 'parser': start
[03:18:01.919] [bmv2] [D] [thread 3203] [12.0] [cxt 0] Parser 'parser' entering state 'start'
[03:18:01.919] [bmv2] [D] [thread 3203] [12.0] [cxt 0] Parser state 'start': key is 0001
[03:18:01.919] [bmv2] [T] [thread 3203] [12.0] [cxt 0] Bytes parsed: 0
[03:18:01.919] [bmv2] [D] [thread 3203] [12.0] [cxt 0] Parser 'parser' entering state 'parse_ethernet'
[03:18:01.919] [bmv2] [D] [thread 3203] [12.0] [cxt 0] Extracting header 'ethernet'
[03:18:01.919] [bmv2] [D] [thread 3203] [12.0] [cxt 0] Parser state 'parse_ethernet': key is 86dd
[03:18:01.919] [bmv2] [T] [thread 3203] [12.0] [cxt 0] Bytes parsed: 14
[03:18:01.919] [bmv2] [D] [thread 3203] [12.0] [cxt 0] Parser 'parser': end
[03:18:01.919] [bmv2] [D] [thread 3203] [12.0] [cxt 0] Pipeline 'ingress': start
[03:18:01.919] [bmv2] [T] [thread 3203] [12.0] [cxt 0] includes/ipv4_forward.p4(37) Condition "hdr.ipv4.isValid()" (node_2) is false
[03:18:01.919] [bmv2] [T] [thread 3203] [12.0] [cxt 0] includes/arp.p4(38) Condition "standard_metadata.ingress_port == 255" (node_4) is false
[03:18:01.919] [bmv2] [T] [thread 3203] [12.0] [cxt 0] Applying table 'basic_learning_switch_ingress.arp.arp_exact'
[03:18:01.919] [bmv2] [D] [thread 3203] [12.0] [cxt 0] Looking up key:
* standard_metadata.ingress_port: 0001
* hdr.ethernet.dstAddr          : 333300000002

[03:18:01.919] [bmv2] [D] [thread 3203] [12.0] [cxt 0] Table 'basic_learning_switch_ingress.arp.arp_exact': miss
[03:18:01.919] [bmv2] [D] [thread 3203] [12.0] [cxt 0] Action entry is basic_learning_switch_ingress.arp.send_to_cpu - 
[03:18:01.919] [bmv2] [T] [thread 3203] [12.0] [cxt 0] Action basic_learning_switch_ingress.arp.send_to_cpu
[03:18:01.919] [bmv2] [T] [thread 3203] [12.0] [cxt 0] includes/arp.p4(11) Primitive standard_metadata.egress_spec = 255
[03:18:01.919] [bmv2] [T] [thread 3203] [12.0] [cxt 0] includes/arp.p4(12) Primitive hdr.packet_in.setValid()
[03:18:01.919] [bmv2] [T] [thread 3203] [12.0] [cxt 0] includes/arp.p4(13) Primitive hdr.packet_in.ingress_port = (bit<16>) standard_metadata.ingress_port
[03:18:01.919] [bmv2] [D] [thread 3203] [12.0] [cxt 0] Pipeline 'ingress': end
[03:18:01.919] [bmv2] [D] [thread 3203] [12.0] [cxt 0] Egress port is 255
[03:18:01.919] [bmv2] [D] [thread 3207] [11.0] [cxt 0] Pipeline 'egress': start
[03:18:01.919] [bmv2] [D] [thread 3207] [11.0] [cxt 0] Pipeline 'egress': end
[03:18:01.919] [bmv2] [D] [thread 3207] [11.0] [cxt 0] Deparser 'deparser': start
[03:18:01.919] [bmv2] [T] [thread 3207] [11.0] [cxt 0] Skipping checksum 'cksum' update because condition not met
[03:18:01.919] [bmv2] [D] [thread 3207] [11.0] [cxt 0] Deparsing header 'packet_in'
[03:18:01.919] [bmv2] [D] [thread 3207] [11.0] [cxt 0] Deparsing header 'ethernet'
[03:18:01.919] [bmv2] [D] [thread 3207] [11.0] [cxt 0] Deparser 'deparser': end
[03:18:01.919] [bmv2] [D] [thread 3207] [12.0] [cxt 0] Pipeline 'egress': start
[03:18:01.919] [bmv2] [D] [thread 3207] [12.0] [cxt 0] Pipeline 'egress': end
[03:18:01.919] [bmv2] [D] [thread 3207] [12.0] [cxt 0] Deparser 'deparser': start
[03:18:01.919] [bmv2] [T] [thread 3207] [12.0] [cxt 0] Skipping checksum 'cksum' update because condition not met
[03:18:01.919] [bmv2] [D] [thread 3207] [12.0] [cxt 0] Deparsing header 'packet_in'
[03:18:01.919] [bmv2] [D] [thread 3207] [12.0] [cxt 0] Deparsing header 'ethernet'
[03:18:01.919] [bmv2] [D] [thread 3207] [12.0] [cxt 0] Deparser 'deparser': end
[03:18:01.919] [bmv2] [D] [thread 3208] [11.0] [cxt 0] Transmitting packet of size 92 out of port 255
[03:18:01.919] [bmv2] [D] [thread 3208] Transmitting packet-in
[03:18:01.919] [bmv2] [E] [thread 3208] Error when transmitting packet-in
[03:18:01.919] [bmv2] [D] [thread 3208] [12.0] [cxt 0] Transmitting packet of size 72 out of port 255
[03:18:01.919] [bmv2] [D] [thread 3208] Transmitting packet-in
[03:18:01.919] [bmv2] [E] [thread 3208] Error when transmitting packet-in
[03:18:02.184] [bmv2] [D] [thread 3203] [13.0] [cxt 0] Processing packet received on port 3
[03:18:02.184] [bmv2] [D] [thread 3203] [13.0] [cxt 0] Parser 'parser': start
[03:18:02.184] [bmv2] [D] [thread 3203] [13.0] [cxt 0] Parser 'parser' entering state 'start'
[03:18:02.184] [bmv2] [D] [thread 3203] [13.0] [cxt 0] Parser state 'start': key is 0003
[03:18:02.184] [bmv2] [T] [thread 3203] [13.0] [cxt 0] Bytes parsed: 0
[03:18:02.184] [bmv2] [D] [thread 3203] [13.0] [cxt 0] Parser 'parser' entering state 'parse_ethernet'
[03:18:02.184] [bmv2] [D] [thread 3203] [13.0] [cxt 0] Extracting header 'ethernet'
[03:18:02.184] [bmv2] [D] [thread 3203] [13.0] [cxt 0] Parser state 'parse_ethernet': key is 86dd
[03:18:02.184] [bmv2] [T] [thread 3203] [13.0] [cxt 0] Bytes parsed: 14
[03:18:02.184] [bmv2] [D] [thread 3203] [13.0] [cxt 0] Parser 'parser': end
[03:18:02.184] [bmv2] [D] [thread 3203] [13.0] [cxt 0] Pipeline 'ingress': start
[03:18:02.184] [bmv2] [T] [thread 3203] [13.0] [cxt 0] includes/ipv4_forward.p4(37) Condition "hdr.ipv4.isValid()" (node_2) is false
[03:18:02.184] [bmv2] [T] [thread 3203] [13.0] [cxt 0] includes/arp.p4(38) Condition "standard_metadata.ingress_port == 255" (node_4) is false
[03:18:02.184] [bmv2] [T] [thread 3203] [13.0] [cxt 0] Applying table 'basic_learning_switch_ingress.arp.arp_exact'
[03:18:02.184] [bmv2] [D] [thread 3203] [13.0] [cxt 0] Looking up key:
* standard_metadata.ingress_port: 0003
* hdr.ethernet.dstAddr          : 333300000016

[03:18:02.184] [bmv2] [D] [thread 3203] [13.0] [cxt 0] Table 'basic_learning_switch_ingress.arp.arp_exact': miss
[03:18:02.184] [bmv2] [D] [thread 3203] [13.0] [cxt 0] Action entry is basic_learning_switch_ingress.arp.send_to_cpu - 
[03:18:02.184] [bmv2] [T] [thread 3203] [13.0] [cxt 0] Action basic_learning_switch_ingress.arp.send_to_cpu
[03:18:02.184] [bmv2] [T] [thread 3203] [13.0] [cxt 0] includes/arp.p4(11) Primitive standard_metadata.egress_spec = 255
[03:18:02.184] [bmv2] [T] [thread 3203] [13.0] [cxt 0] includes/arp.p4(12) Primitive hdr.packet_in.setValid()
[03:18:02.184] [bmv2] [T] [thread 3203] [13.0] [cxt 0] includes/arp.p4(13) Primitive hdr.packet_in.ingress_port = (bit<16>) standard_metadata.ingress_port
[03:18:02.184] [bmv2] [D] [thread 3203] [13.0] [cxt 0] Pipeline 'ingress': end
[03:18:02.184] [bmv2] [D] [thread 3203] [13.0] [cxt 0] Egress port is 255
[03:18:02.184] [bmv2] [D] [thread 3207] [13.0] [cxt 0] Pipeline 'egress': start
[03:18:02.184] [bmv2] [D] [thread 3207] [13.0] [cxt 0] Pipeline 'egress': end
[03:18:02.184] [bmv2] [D] [thread 3207] [13.0] [cxt 0] Deparser 'deparser': start
[03:18:02.184] [bmv2] [T] [thread 3207] [13.0] [cxt 0] Skipping checksum 'cksum' update because condition not met
[03:18:02.184] [bmv2] [D] [thread 3207] [13.0] [cxt 0] Deparsing header 'packet_in'
[03:18:02.184] [bmv2] [D] [thread 3207] [13.0] [cxt 0] Deparsing header 'ethernet'
[03:18:02.184] [bmv2] [D] [thread 3207] [13.0] [cxt 0] Deparser 'deparser': end
[03:18:02.184] [bmv2] [D] [thread 3208] [13.0] [cxt 0] Transmitting packet of size 92 out of port 255
[03:18:02.184] [bmv2] [D] [thread 3208] Transmitting packet-in
[03:18:02.184] [bmv2] [E] [thread 3208] Error when transmitting packet-in
[03:18:02.449] [bmv2] [D] [thread 3203] [14.0] [cxt 0] Processing packet received on port 3
[03:18:02.449] [bmv2] [D] [thread 3203] [14.0] [cxt 0] Parser 'parser': start
[03:18:02.449] [bmv2] [D] [thread 3203] [14.0] [cxt 0] Parser 'parser' entering state 'start'
[03:18:02.449] [bmv2] [D] [thread 3203] [14.0] [cxt 0] Parser state 'start': key is 0003
[03:18:02.449] [bmv2] [T] [thread 3203] [14.0] [cxt 0] Bytes parsed: 0
[03:18:02.449] [bmv2] [D] [thread 3203] [14.0] [cxt 0] Parser 'parser' entering state 'parse_ethernet'
[03:18:02.449] [bmv2] [D] [thread 3203] [14.0] [cxt 0] Extracting header 'ethernet'
[03:18:02.449] [bmv2] [D] [thread 3203] [14.0] [cxt 0] Parser state 'parse_ethernet': key is 86dd
[03:18:02.449] [bmv2] [T] [thread 3203] [14.0] [cxt 0] Bytes parsed: 14
[03:18:02.449] [bmv2] [D] [thread 3203] [14.0] [cxt 0] Parser 'parser': end
[03:18:02.449] [bmv2] [D] [thread 3203] [14.0] [cxt 0] Pipeline 'ingress': start
[03:18:02.449] [bmv2] [T] [thread 3203] [14.0] [cxt 0] includes/ipv4_forward.p4(37) Condition "hdr.ipv4.isValid()" (node_2) is false
[03:18:02.449] [bmv2] [T] [thread 3203] [14.0] [cxt 0] includes/arp.p4(38) Condition "standard_metadata.ingress_port == 255" (node_4) is false
[03:18:02.449] [bmv2] [T] [thread 3203] [14.0] [cxt 0] Applying table 'basic_learning_switch_ingress.arp.arp_exact'
[03:18:02.449] [bmv2] [D] [thread 3203] [14.0] [cxt 0] Looking up key:
* standard_metadata.ingress_port: 0003
* hdr.ethernet.dstAddr          : 333300000016

[03:18:02.449] [bmv2] [D] [thread 3203] [14.0] [cxt 0] Table 'basic_learning_switch_ingress.arp.arp_exact': miss
[03:18:02.449] [bmv2] [D] [thread 3203] [14.0] [cxt 0] Action entry is basic_learning_switch_ingress.arp.send_to_cpu - 
[03:18:02.449] [bmv2] [T] [thread 3203] [14.0] [cxt 0] Action basic_learning_switch_ingress.arp.send_to_cpu
[03:18:02.449] [bmv2] [T] [thread 3203] [14.0] [cxt 0] includes/arp.p4(11) Primitive standard_metadata.egress_spec = 255
[03:18:02.449] [bmv2] [T] [thread 3203] [14.0] [cxt 0] includes/arp.p4(12) Primitive hdr.packet_in.setValid()
[03:18:02.449] [bmv2] [T] [thread 3203] [14.0] [cxt 0] includes/arp.p4(13) Primitive hdr.packet_in.ingress_port = (bit<16>) standard_metadata.ingress_port
[03:18:02.449] [bmv2] [D] [thread 3203] [14.0] [cxt 0] Pipeline 'ingress': end
[03:18:02.449] [bmv2] [D] [thread 3203] [14.0] [cxt 0] Egress port is 255
[03:18:02.450] [bmv2] [D] [thread 3207] [14.0] [cxt 0] Pipeline 'egress': start
[03:18:02.450] [bmv2] [D] [thread 3207] [14.0] [cxt 0] Pipeline 'egress': end
[03:18:02.450] [bmv2] [D] [thread 3207] [14.0] [cxt 0] Deparser 'deparser': start
[03:18:02.450] [bmv2] [T] [thread 3207] [14.0] [cxt 0] Skipping checksum 'cksum' update because condition not met
[03:18:02.450] [bmv2] [D] [thread 3207] [14.0] [cxt 0] Deparsing header 'packet_in'
[03:18:02.450] [bmv2] [D] [thread 3207] [14.0] [cxt 0] Deparsing header 'ethernet'
[03:18:02.450] [bmv2] [D] [thread 3207] [14.0] [cxt 0] Deparser 'deparser': end
[03:18:02.450] [bmv2] [D] [thread 3208] [14.0] [cxt 0] Transmitting packet of size 92 out of port 255
[03:18:02.450] [bmv2] [D] [thread 3208] Transmitting packet-in
[03:18:02.450] [bmv2] [E] [thread 3208] Error when transmitting packet-in
[03:18:02.689] [bmv2] [D] [thread 3203] [15.0] [cxt 0] Processing packet received on port 1
[03:18:02.689] [bmv2] [D] [thread 3203] [15.0] [cxt 0] Parser 'parser': start
[03:18:02.689] [bmv2] [D] [thread 3203] [15.0] [cxt 0] Parser 'parser' entering state 'start'
[03:18:02.689] [bmv2] [D] [thread 3203] [15.0] [cxt 0] Parser state 'start': key is 0001
[03:18:02.689] [bmv2] [T] [thread 3203] [15.0] [cxt 0] Bytes parsed: 0
[03:18:02.689] [bmv2] [D] [thread 3203] [15.0] [cxt 0] Parser 'parser' entering state 'parse_ethernet'
[03:18:02.689] [bmv2] [D] [thread 3203] [15.0] [cxt 0] Extracting header 'ethernet'
[03:18:02.689] [bmv2] [D] [thread 3203] [15.0] [cxt 0] Parser state 'parse_ethernet': key is 86dd
[03:18:02.690] [bmv2] [T] [thread 3203] [15.0] [cxt 0] Bytes parsed: 14
[03:18:02.690] [bmv2] [D] [thread 3203] [15.0] [cxt 0] Parser 'parser': end
[03:18:02.690] [bmv2] [D] [thread 3203] [15.0] [cxt 0] Pipeline 'ingress': start
[03:18:02.690] [bmv2] [T] [thread 3203] [15.0] [cxt 0] includes/ipv4_forward.p4(37) Condition "hdr.ipv4.isValid()" (node_2) is false
[03:18:02.690] [bmv2] [T] [thread 3203] [15.0] [cxt 0] includes/arp.p4(38) Condition "standard_metadata.ingress_port == 255" (node_4) is false
[03:18:02.690] [bmv2] [T] [thread 3203] [15.0] [cxt 0] Applying table 'basic_learning_switch_ingress.arp.arp_exact'
[03:18:02.690] [bmv2] [D] [thread 3203] [15.0] [cxt 0] Looking up key:
* standard_metadata.ingress_port: 0001
* hdr.ethernet.dstAddr          : 333300000016

[03:18:02.690] [bmv2] [D] [thread 3203] [15.0] [cxt 0] Table 'basic_learning_switch_ingress.arp.arp_exact': miss
[03:18:02.690] [bmv2] [D] [thread 3203] [15.0] [cxt 0] Action entry is basic_learning_switch_ingress.arp.send_to_cpu - 
[03:18:02.690] [bmv2] [T] [thread 3203] [15.0] [cxt 0] Action basic_learning_switch_ingress.arp.send_to_cpu
[03:18:02.690] [bmv2] [T] [thread 3203] [15.0] [cxt 0] includes/arp.p4(11) Primitive standard_metadata.egress_spec = 255
[03:18:02.690] [bmv2] [T] [thread 3203] [15.0] [cxt 0] includes/arp.p4(12) Primitive hdr.packet_in.setValid()
[03:18:02.690] [bmv2] [T] [thread 3203] [15.0] [cxt 0] includes/arp.p4(13) Primitive hdr.packet_in.ingress_port = (bit<16>) standard_metadata.ingress_port
[03:18:02.690] [bmv2] [D] [thread 3203] [15.0] [cxt 0] Pipeline 'ingress': end
[03:18:02.690] [bmv2] [D] [thread 3203] [15.0] [cxt 0] Egress port is 255
[03:18:02.690] [bmv2] [D] [thread 3207] [15.0] [cxt 0] Pipeline 'egress': start
[03:18:02.690] [bmv2] [D] [thread 3207] [15.0] [cxt 0] Pipeline 'egress': end
[03:18:02.690] [bmv2] [D] [thread 3207] [15.0] [cxt 0] Deparser 'deparser': start
[03:18:02.690] [bmv2] [T] [thread 3207] [15.0] [cxt 0] Skipping checksum 'cksum' update because condition not met
[03:18:02.690] [bmv2] [D] [thread 3207] [15.0] [cxt 0] Deparsing header 'packet_in'
[03:18:02.690] [bmv2] [D] [thread 3207] [15.0] [cxt 0] Deparsing header 'ethernet'
[03:18:02.690] [bmv2] [D] [thread 3207] [15.0] [cxt 0] Deparser 'deparser': end
[03:18:02.690] [bmv2] [D] [thread 3208] [15.0] [cxt 0] Transmitting packet of size 92 out of port 255
[03:18:02.690] [bmv2] [D] [thread 3208] Transmitting packet-in
[03:18:02.690] [bmv2] [E] [thread 3208] Error when transmitting packet-in
[03:18:02.803] [bmv2] [D] [thread 3203] [16.0] [cxt 0] Processing packet received on port 1
[03:18:02.803] [bmv2] [D] [thread 3203] [16.0] [cxt 0] Parser 'parser': start
[03:18:02.803] [bmv2] [D] [thread 3203] [16.0] [cxt 0] Parser 'parser' entering state 'start'
[03:18:02.803] [bmv2] [D] [thread 3203] [16.0] [cxt 0] Parser state 'start': key is 0001
[03:18:02.803] [bmv2] [T] [thread 3203] [16.0] [cxt 0] Bytes parsed: 0
[03:18:02.803] [bmv2] [D] [thread 3203] [16.0] [cxt 0] Parser 'parser' entering state 'parse_ethernet'
[03:18:02.803] [bmv2] [D] [thread 3203] [16.0] [cxt 0] Extracting header 'ethernet'
[03:18:02.803] [bmv2] [D] [thread 3203] [16.0] [cxt 0] Parser state 'parse_ethernet': key is 86dd
[03:18:02.803] [bmv2] [T] [thread 3203] [16.0] [cxt 0] Bytes parsed: 14
[03:18:02.803] [bmv2] [D] [thread 3203] [16.0] [cxt 0] Parser 'parser': end
[03:18:02.803] [bmv2] [D] [thread 3203] [16.0] [cxt 0] Pipeline 'ingress': start
[03:18:02.803] [bmv2] [T] [thread 3203] [16.0] [cxt 0] includes/ipv4_forward.p4(37) Condition "hdr.ipv4.isValid()" (node_2) is false
[03:18:02.803] [bmv2] [T] [thread 3203] [16.0] [cxt 0] includes/arp.p4(38) Condition "standard_metadata.ingress_port == 255" (node_4) is false
[03:18:02.803] [bmv2] [T] [thread 3203] [16.0] [cxt 0] Applying table 'basic_learning_switch_ingress.arp.arp_exact'
[03:18:02.803] [bmv2] [D] [thread 3203] [16.0] [cxt 0] Looking up key:
* standard_metadata.ingress_port: 0001
* hdr.ethernet.dstAddr          : 333300000016

[03:18:02.803] [bmv2] [D] [thread 3203] [16.0] [cxt 0] Table 'basic_learning_switch_ingress.arp.arp_exact': miss
[03:18:02.803] [bmv2] [D] [thread 3203] [16.0] [cxt 0] Action entry is basic_learning_switch_ingress.arp.send_to_cpu - 
[03:18:02.803] [bmv2] [T] [thread 3203] [16.0] [cxt 0] Action basic_learning_switch_ingress.arp.send_to_cpu
[03:18:02.803] [bmv2] [T] [thread 3203] [16.0] [cxt 0] includes/arp.p4(11) Primitive standard_metadata.egress_spec = 255
[03:18:02.803] [bmv2] [T] [thread 3203] [16.0] [cxt 0] includes/arp.p4(12) Primitive hdr.packet_in.setValid()
[03:18:02.803] [bmv2] [T] [thread 3203] [16.0] [cxt 0] includes/arp.p4(13) Primitive hdr.packet_in.ingress_port = (bit<16>) standard_metadata.ingress_port
[03:18:02.803] [bmv2] [D] [thread 3203] [16.0] [cxt 0] Pipeline 'ingress': end
[03:18:02.803] [bmv2] [D] [thread 3203] [16.0] [cxt 0] Egress port is 255
[03:18:02.804] [bmv2] [D] [thread 3207] [16.0] [cxt 0] Pipeline 'egress': start
[03:18:02.804] [bmv2] [D] [thread 3207] [16.0] [cxt 0] Pipeline 'egress': end
[03:18:02.804] [bmv2] [D] [thread 3207] [16.0] [cxt 0] Deparser 'deparser': start
[03:18:02.804] [bmv2] [T] [thread 3207] [16.0] [cxt 0] Skipping checksum 'cksum' update because condition not met
[03:18:02.804] [bmv2] [D] [thread 3207] [16.0] [cxt 0] Deparsing header 'packet_in'
[03:18:02.804] [bmv2] [D] [thread 3207] [16.0] [cxt 0] Deparsing header 'ethernet'
[03:18:02.804] [bmv2] [D] [thread 3207] [16.0] [cxt 0] Deparser 'deparser': end
[03:18:02.804] [bmv2] [D] [thread 3208] [16.0] [cxt 0] Transmitting packet of size 92 out of port 255
[03:18:02.804] [bmv2] [D] [thread 3208] Transmitting packet-in
[03:18:02.804] [bmv2] [E] [thread 3208] Error when transmitting packet-in
[03:18:02.804] [bmv2] [D] [thread 3203] [17.0] [cxt 0] Processing packet received on port 2
[03:18:02.804] [bmv2] [D] [thread 3203] [17.0] [cxt 0] Parser 'parser': start
[03:18:02.804] [bmv2] [D] [thread 3203] [17.0] [cxt 0] Parser 'parser' entering state 'start'
[03:18:02.804] [bmv2] [D] [thread 3203] [17.0] [cxt 0] Parser state 'start': key is 0002
[03:18:02.804] [bmv2] [T] [thread 3203] [17.0] [cxt 0] Bytes parsed: 0
[03:18:02.804] [bmv2] [D] [thread 3203] [17.0] [cxt 0] Parser 'parser' entering state 'parse_ethernet'
[03:18:02.804] [bmv2] [D] [thread 3203] [17.0] [cxt 0] Extracting header 'ethernet'
[03:18:02.804] [bmv2] [D] [thread 3203] [17.0] [cxt 0] Parser state 'parse_ethernet': key is 86dd
[03:18:02.804] [bmv2] [T] [thread 3203] [17.0] [cxt 0] Bytes parsed: 14
[03:18:02.804] [bmv2] [D] [thread 3203] [17.0] [cxt 0] Parser 'parser': end
[03:18:02.804] [bmv2] [D] [thread 3203] [17.0] [cxt 0] Pipeline 'ingress': start
[03:18:02.804] [bmv2] [T] [thread 3203] [17.0] [cxt 0] includes/ipv4_forward.p4(37) Condition "hdr.ipv4.isValid()" (node_2) is false
[03:18:02.804] [bmv2] [T] [thread 3203] [17.0] [cxt 0] includes/arp.p4(38) Condition "standard_metadata.ingress_port == 255" (node_4) is false
[03:18:02.804] [bmv2] [T] [thread 3203] [17.0] [cxt 0] Applying table 'basic_learning_switch_ingress.arp.arp_exact'
[03:18:02.804] [bmv2] [D] [thread 3203] [17.0] [cxt 0] Looking up key:
* standard_metadata.ingress_port: 0002
* hdr.ethernet.dstAddr          : 333300000016

[03:18:02.804] [bmv2] [D] [thread 3203] [17.0] [cxt 0] Table 'basic_learning_switch_ingress.arp.arp_exact': miss
[03:18:02.804] [bmv2] [D] [thread 3203] [17.0] [cxt 0] Action entry is basic_learning_switch_ingress.arp.send_to_cpu - 
[03:18:02.804] [bmv2] [T] [thread 3203] [17.0] [cxt 0] Action basic_learning_switch_ingress.arp.send_to_cpu
[03:18:02.804] [bmv2] [T] [thread 3203] [17.0] [cxt 0] includes/arp.p4(11) Primitive standard_metadata.egress_spec = 255
[03:18:02.804] [bmv2] [T] [thread 3203] [17.0] [cxt 0] includes/arp.p4(12) Primitive hdr.packet_in.setValid()
[03:18:02.804] [bmv2] [T] [thread 3203] [17.0] [cxt 0] includes/arp.p4(13) Primitive hdr.packet_in.ingress_port = (bit<16>) standard_metadata.ingress_port
[03:18:02.804] [bmv2] [D] [thread 3203] [17.0] [cxt 0] Pipeline 'ingress': end
[03:18:02.804] [bmv2] [D] [thread 3203] [17.0] [cxt 0] Egress port is 255
[03:18:02.804] [bmv2] [D] [thread 3207] [17.0] [cxt 0] Pipeline 'egress': start
[03:18:02.804] [bmv2] [D] [thread 3207] [17.0] [cxt 0] Pipeline 'egress': end
[03:18:02.804] [bmv2] [D] [thread 3207] [17.0] [cxt 0] Deparser 'deparser': start
[03:18:02.804] [bmv2] [T] [thread 3207] [17.0] [cxt 0] Skipping checksum 'cksum' update because condition not met
[03:18:02.804] [bmv2] [D] [thread 3207] [17.0] [cxt 0] Deparsing header 'packet_in'
[03:18:02.804] [bmv2] [D] [thread 3207] [17.0] [cxt 0] Deparsing header 'ethernet'
[03:18:02.804] [bmv2] [D] [thread 3207] [17.0] [cxt 0] Deparser 'deparser': end
[03:18:02.804] [bmv2] [D] [thread 3208] [17.0] [cxt 0] Transmitting packet of size 92 out of port 255
[03:18:02.804] [bmv2] [D] [thread 3208] Transmitting packet-in
[03:18:02.804] [bmv2] [E] [thread 3208] Error when transmitting packet-in
[03:18:05.344] [bmv2] [D] [thread 3203] [18.0] [cxt 0] Processing packet received on port 2
[03:18:05.344] [bmv2] [D] [thread 3203] [18.0] [cxt 0] Parser 'parser': start
[03:18:05.345] [bmv2] [D] [thread 3203] [18.0] [cxt 0] Parser 'parser' entering state 'start'
[03:18:05.345] [bmv2] [D] [thread 3203] [18.0] [cxt 0] Parser state 'start': key is 0002
[03:18:05.345] [bmv2] [T] [thread 3203] [18.0] [cxt 0] Bytes parsed: 0
[03:18:05.345] [bmv2] [D] [thread 3203] [18.0] [cxt 0] Parser 'parser' entering state 'parse_ethernet'
[03:18:05.345] [bmv2] [D] [thread 3203] [18.0] [cxt 0] Extracting header 'ethernet'
[03:18:05.345] [bmv2] [D] [thread 3203] [18.0] [cxt 0] Parser state 'parse_ethernet': key is 86dd
[03:18:05.345] [bmv2] [T] [thread 3203] [18.0] [cxt 0] Bytes parsed: 14
[03:18:05.345] [bmv2] [D] [thread 3203] [18.0] [cxt 0] Parser 'parser': end
[03:18:05.345] [bmv2] [D] [thread 3203] [18.0] [cxt 0] Pipeline 'ingress': start
[03:18:05.345] [bmv2] [T] [thread 3203] [18.0] [cxt 0] includes/ipv4_forward.p4(37) Condition "hdr.ipv4.isValid()" (node_2) is false
[03:18:05.345] [bmv2] [T] [thread 3203] [18.0] [cxt 0] includes/arp.p4(38) Condition "standard_metadata.ingress_port == 255" (node_4) is false
[03:18:05.345] [bmv2] [T] [thread 3203] [18.0] [cxt 0] Applying table 'basic_learning_switch_ingress.arp.arp_exact'
[03:18:05.345] [bmv2] [D] [thread 3203] [18.0] [cxt 0] Looking up key:
* standard_metadata.ingress_port: 0002
* hdr.ethernet.dstAddr          : 333300000002

[03:18:05.345] [bmv2] [D] [thread 3203] [18.0] [cxt 0] Table 'basic_learning_switch_ingress.arp.arp_exact': miss
[03:18:05.345] [bmv2] [D] [thread 3203] [18.0] [cxt 0] Action entry is basic_learning_switch_ingress.arp.send_to_cpu - 
[03:18:05.345] [bmv2] [T] [thread 3203] [18.0] [cxt 0] Action basic_learning_switch_ingress.arp.send_to_cpu
[03:18:05.345] [bmv2] [T] [thread 3203] [18.0] [cxt 0] includes/arp.p4(11) Primitive standard_metadata.egress_spec = 255
[03:18:05.345] [bmv2] [T] [thread 3203] [18.0] [cxt 0] includes/arp.p4(12) Primitive hdr.packet_in.setValid()
[03:18:05.345] [bmv2] [T] [thread 3203] [18.0] [cxt 0] includes/arp.p4(13) Primitive hdr.packet_in.ingress_port = (bit<16>) standard_metadata.ingress_port
[03:18:05.345] [bmv2] [D] [thread 3203] [18.0] [cxt 0] Pipeline 'ingress': end
[03:18:05.345] [bmv2] [D] [thread 3203] [18.0] [cxt 0] Egress port is 255
[03:18:05.345] [bmv2] [D] [thread 3207] [18.0] [cxt 0] Pipeline 'egress': start
[03:18:05.345] [bmv2] [D] [thread 3207] [18.0] [cxt 0] Pipeline 'egress': end
[03:18:05.345] [bmv2] [D] [thread 3207] [18.0] [cxt 0] Deparser 'deparser': start
[03:18:05.345] [bmv2] [T] [thread 3207] [18.0] [cxt 0] Skipping checksum 'cksum' update because condition not met
[03:18:05.345] [bmv2] [D] [thread 3207] [18.0] [cxt 0] Deparsing header 'packet_in'
[03:18:05.345] [bmv2] [D] [thread 3207] [18.0] [cxt 0] Deparsing header 'ethernet'
[03:18:05.345] [bmv2] [D] [thread 3207] [18.0] [cxt 0] Deparser 'deparser': end
[03:18:05.345] [bmv2] [D] [thread 3208] [18.0] [cxt 0] Transmitting packet of size 72 out of port 255
[03:18:05.345] [bmv2] [D] [thread 3208] Transmitting packet-in
[03:18:05.345] [bmv2] [E] [thread 3208] Error when transmitting packet-in
[03:18:05.452] [bmv2] [D] [thread 3203] [19.0] [cxt 0] Processing packet received on port 3
[03:18:05.452] [bmv2] [D] [thread 3203] [19.0] [cxt 0] Parser 'parser': start
[03:18:05.452] [bmv2] [D] [thread 3203] [19.0] [cxt 0] Parser 'parser' entering state 'start'
[03:18:05.452] [bmv2] [D] [thread 3203] [19.0] [cxt 0] Parser state 'start': key is 0003
[03:18:05.452] [bmv2] [T] [thread 3203] [19.0] [cxt 0] Bytes parsed: 0
[03:18:05.452] [bmv2] [D] [thread 3203] [19.0] [cxt 0] Parser 'parser' entering state 'parse_ethernet'
[03:18:05.452] [bmv2] [D] [thread 3203] [19.0] [cxt 0] Extracting header 'ethernet'
[03:18:05.452] [bmv2] [D] [thread 3203] [19.0] [cxt 0] Parser state 'parse_ethernet': key is 86dd
[03:18:05.452] [bmv2] [T] [thread 3203] [19.0] [cxt 0] Bytes parsed: 14
[03:18:05.452] [bmv2] [D] [thread 3203] [19.0] [cxt 0] Parser 'parser': end
[03:18:05.452] [bmv2] [D] [thread 3203] [19.0] [cxt 0] Pipeline 'ingress': start
[03:18:05.452] [bmv2] [T] [thread 3203] [19.0] [cxt 0] includes/ipv4_forward.p4(37) Condition "hdr.ipv4.isValid()" (node_2) is false
[03:18:05.452] [bmv2] [T] [thread 3203] [19.0] [cxt 0] includes/arp.p4(38) Condition "standard_metadata.ingress_port == 255" (node_4) is false
[03:18:05.452] [bmv2] [T] [thread 3203] [19.0] [cxt 0] Applying table 'basic_learning_switch_ingress.arp.arp_exact'
[03:18:05.452] [bmv2] [D] [thread 3203] [19.0] [cxt 0] Looking up key:
* standard_metadata.ingress_port: 0003
* hdr.ethernet.dstAddr          : 333300000002

[03:18:05.452] [bmv2] [D] [thread 3203] [19.0] [cxt 0] Table 'basic_learning_switch_ingress.arp.arp_exact': miss
[03:18:05.452] [bmv2] [D] [thread 3203] [19.0] [cxt 0] Action entry is basic_learning_switch_ingress.arp.send_to_cpu - 
[03:18:05.452] [bmv2] [T] [thread 3203] [19.0] [cxt 0] Action basic_learning_switch_ingress.arp.send_to_cpu
[03:18:05.452] [bmv2] [T] [thread 3203] [19.0] [cxt 0] includes/arp.p4(11) Primitive standard_metadata.egress_spec = 255
[03:18:05.452] [bmv2] [T] [thread 3203] [19.0] [cxt 0] includes/arp.p4(12) Primitive hdr.packet_in.setValid()
[03:18:05.452] [bmv2] [T] [thread 3203] [19.0] [cxt 0] includes/arp.p4(13) Primitive hdr.packet_in.ingress_port = (bit<16>) standard_metadata.ingress_port
[03:18:05.452] [bmv2] [D] [thread 3203] [19.0] [cxt 0] Pipeline 'ingress': end
[03:18:05.452] [bmv2] [D] [thread 3203] [19.0] [cxt 0] Egress port is 255
[03:18:05.452] [bmv2] [D] [thread 3207] [19.0] [cxt 0] Pipeline 'egress': start
[03:18:05.452] [bmv2] [D] [thread 3207] [19.0] [cxt 0] Pipeline 'egress': end
[03:18:05.452] [bmv2] [D] [thread 3207] [19.0] [cxt 0] Deparser 'deparser': start
[03:18:05.452] [bmv2] [T] [thread 3207] [19.0] [cxt 0] Skipping checksum 'cksum' update because condition not met
[03:18:05.452] [bmv2] [D] [thread 3207] [19.0] [cxt 0] Deparsing header 'packet_in'
[03:18:05.452] [bmv2] [D] [thread 3207] [19.0] [cxt 0] Deparsing header 'ethernet'
[03:18:05.452] [bmv2] [D] [thread 3207] [19.0] [cxt 0] Deparser 'deparser': end
[03:18:05.452] [bmv2] [D] [thread 3208] [19.0] [cxt 0] Transmitting packet of size 72 out of port 255
[03:18:05.452] [bmv2] [D] [thread 3208] Transmitting packet-in
[03:18:05.452] [bmv2] [E] [thread 3208] Error when transmitting packet-in
[03:18:05.921] [bmv2] [D] [thread 3203] [20.0] [cxt 0] Processing packet received on port 1
[03:18:05.921] [bmv2] [D] [thread 3203] [20.0] [cxt 0] Parser 'parser': start
[03:18:05.921] [bmv2] [D] [thread 3203] [20.0] [cxt 0] Parser 'parser' entering state 'start'
[03:18:05.921] [bmv2] [D] [thread 3203] [20.0] [cxt 0] Parser state 'start': key is 0001
[03:18:05.921] [bmv2] [T] [thread 3203] [20.0] [cxt 0] Bytes parsed: 0
[03:18:05.921] [bmv2] [D] [thread 3203] [20.0] [cxt 0] Parser 'parser' entering state 'parse_ethernet'
[03:18:05.921] [bmv2] [D] [thread 3203] [20.0] [cxt 0] Extracting header 'ethernet'
[03:18:05.921] [bmv2] [D] [thread 3203] [20.0] [cxt 0] Parser state 'parse_ethernet': key is 86dd
[03:18:05.921] [bmv2] [T] [thread 3203] [20.0] [cxt 0] Bytes parsed: 14
[03:18:05.921] [bmv2] [D] [thread 3203] [20.0] [cxt 0] Parser 'parser': end
[03:18:05.921] [bmv2] [D] [thread 3203] [20.0] [cxt 0] Pipeline 'ingress': start
[03:18:05.921] [bmv2] [T] [thread 3203] [20.0] [cxt 0] includes/ipv4_forward.p4(37) Condition "hdr.ipv4.isValid()" (node_2) is false
[03:18:05.921] [bmv2] [T] [thread 3203] [20.0] [cxt 0] includes/arp.p4(38) Condition "standard_metadata.ingress_port == 255" (node_4) is false
[03:18:05.921] [bmv2] [T] [thread 3203] [20.0] [cxt 0] Applying table 'basic_learning_switch_ingress.arp.arp_exact'
[03:18:05.921] [bmv2] [D] [thread 3203] [20.0] [cxt 0] Looking up key:
* standard_metadata.ingress_port: 0001
* hdr.ethernet.dstAddr          : 333300000002

[03:18:05.921] [bmv2] [D] [thread 3203] [20.0] [cxt 0] Table 'basic_learning_switch_ingress.arp.arp_exact': miss
[03:18:05.921] [bmv2] [D] [thread 3203] [20.0] [cxt 0] Action entry is basic_learning_switch_ingress.arp.send_to_cpu - 
[03:18:05.921] [bmv2] [T] [thread 3203] [20.0] [cxt 0] Action basic_learning_switch_ingress.arp.send_to_cpu
[03:18:05.921] [bmv2] [T] [thread 3203] [20.0] [cxt 0] includes/arp.p4(11) Primitive standard_metadata.egress_spec = 255
[03:18:05.921] [bmv2] [T] [thread 3203] [20.0] [cxt 0] includes/arp.p4(12) Primitive hdr.packet_in.setValid()
[03:18:05.921] [bmv2] [T] [thread 3203] [20.0] [cxt 0] includes/arp.p4(13) Primitive hdr.packet_in.ingress_port = (bit<16>) standard_metadata.ingress_port
[03:18:05.921] [bmv2] [D] [thread 3203] [20.0] [cxt 0] Pipeline 'ingress': end
[03:18:05.921] [bmv2] [D] [thread 3203] [20.0] [cxt 0] Egress port is 255
[03:18:05.921] [bmv2] [D] [thread 3207] [20.0] [cxt 0] Pipeline 'egress': start
[03:18:05.921] [bmv2] [D] [thread 3207] [20.0] [cxt 0] Pipeline 'egress': end
[03:18:05.921] [bmv2] [D] [thread 3207] [20.0] [cxt 0] Deparser 'deparser': start
[03:18:05.921] [bmv2] [T] [thread 3207] [20.0] [cxt 0] Skipping checksum 'cksum' update because condition not met
[03:18:05.921] [bmv2] [D] [thread 3207] [20.0] [cxt 0] Deparsing header 'packet_in'
[03:18:05.921] [bmv2] [D] [thread 3207] [20.0] [cxt 0] Deparsing header 'ethernet'
[03:18:05.921] [bmv2] [D] [thread 3207] [20.0] [cxt 0] Deparser 'deparser': end
[03:18:05.921] [bmv2] [D] [thread 3208] [20.0] [cxt 0] Transmitting packet of size 72 out of port 255
[03:18:05.921] [bmv2] [D] [thread 3208] Transmitting packet-in
[03:18:05.922] [bmv2] [E] [thread 3208] Error when transmitting packet-in
[03:18:09.345] [bmv2] [D] [thread 3203] [21.0] [cxt 0] Processing packet received on port 2
[03:18:09.345] [bmv2] [D] [thread 3203] [21.0] [cxt 0] Parser 'parser': start
[03:18:09.345] [bmv2] [D] [thread 3203] [21.0] [cxt 0] Parser 'parser' entering state 'start'
[03:18:09.345] [bmv2] [D] [thread 3203] [21.0] [cxt 0] Parser state 'start': key is 0002
[03:18:09.345] [bmv2] [T] [thread 3203] [21.0] [cxt 0] Bytes parsed: 0
[03:18:09.345] [bmv2] [D] [thread 3203] [21.0] [cxt 0] Parser 'parser' entering state 'parse_ethernet'
[03:18:09.345] [bmv2] [D] [thread 3203] [21.0] [cxt 0] Extracting header 'ethernet'
[03:18:09.345] [bmv2] [D] [thread 3203] [21.0] [cxt 0] Parser state 'parse_ethernet': key is 86dd
[03:18:09.345] [bmv2] [T] [thread 3203] [21.0] [cxt 0] Bytes parsed: 14
[03:18:09.345] [bmv2] [D] [thread 3203] [21.0] [cxt 0] Parser 'parser': end
[03:18:09.345] [bmv2] [D] [thread 3203] [21.0] [cxt 0] Pipeline 'ingress': start
[03:18:09.345] [bmv2] [T] [thread 3203] [21.0] [cxt 0] includes/ipv4_forward.p4(37) Condition "hdr.ipv4.isValid()" (node_2) is false
[03:18:09.346] [bmv2] [T] [thread 3203] [21.0] [cxt 0] includes/arp.p4(38) Condition "standard_metadata.ingress_port == 255" (node_4) is false
[03:18:09.346] [bmv2] [T] [thread 3203] [21.0] [cxt 0] Applying table 'basic_learning_switch_ingress.arp.arp_exact'
[03:18:09.346] [bmv2] [D] [thread 3203] [21.0] [cxt 0] Looking up key:
* standard_metadata.ingress_port: 0002
* hdr.ethernet.dstAddr          : 333300000002

[03:18:09.346] [bmv2] [D] [thread 3203] [21.0] [cxt 0] Table 'basic_learning_switch_ingress.arp.arp_exact': miss
[03:18:09.346] [bmv2] [D] [thread 3203] [21.0] [cxt 0] Action entry is basic_learning_switch_ingress.arp.send_to_cpu - 
[03:18:09.346] [bmv2] [T] [thread 3203] [21.0] [cxt 0] Action basic_learning_switch_ingress.arp.send_to_cpu
[03:18:09.346] [bmv2] [T] [thread 3203] [21.0] [cxt 0] includes/arp.p4(11) Primitive standard_metadata.egress_spec = 255
[03:18:09.346] [bmv2] [T] [thread 3203] [21.0] [cxt 0] includes/arp.p4(12) Primitive hdr.packet_in.setValid()
[03:18:09.346] [bmv2] [T] [thread 3203] [21.0] [cxt 0] includes/arp.p4(13) Primitive hdr.packet_in.ingress_port = (bit<16>) standard_metadata.ingress_port
[03:18:09.346] [bmv2] [D] [thread 3203] [21.0] [cxt 0] Pipeline 'ingress': end
[03:18:09.346] [bmv2] [D] [thread 3203] [21.0] [cxt 0] Egress port is 255
[03:18:09.346] [bmv2] [D] [thread 3207] [21.0] [cxt 0] Pipeline 'egress': start
[03:18:09.346] [bmv2] [D] [thread 3207] [21.0] [cxt 0] Pipeline 'egress': end
[03:18:09.346] [bmv2] [D] [thread 3207] [21.0] [cxt 0] Deparser 'deparser': start
[03:18:09.346] [bmv2] [T] [thread 3207] [21.0] [cxt 0] Skipping checksum 'cksum' update because condition not met
[03:18:09.346] [bmv2] [D] [thread 3207] [21.0] [cxt 0] Deparsing header 'packet_in'
[03:18:09.346] [bmv2] [D] [thread 3207] [21.0] [cxt 0] Deparsing header 'ethernet'
[03:18:09.346] [bmv2] [D] [thread 3207] [21.0] [cxt 0] Deparser 'deparser': end
[03:18:09.346] [bmv2] [D] [thread 3208] [21.0] [cxt 0] Transmitting packet of size 72 out of port 255
[03:18:09.346] [bmv2] [D] [thread 3208] Transmitting packet-in
[03:18:09.346] [bmv2] [E] [thread 3208] Error when transmitting packet-in
[03:18:09.458] [bmv2] [D] [thread 3203] [22.0] [cxt 0] Processing packet received on port 3
[03:18:09.458] [bmv2] [D] [thread 3203] [22.0] [cxt 0] Parser 'parser': start
[03:18:09.458] [bmv2] [D] [thread 3203] [22.0] [cxt 0] Parser 'parser' entering state 'start'
[03:18:09.458] [bmv2] [D] [thread 3203] [22.0] [cxt 0] Parser state 'start': key is 0003
[03:18:09.458] [bmv2] [T] [thread 3203] [22.0] [cxt 0] Bytes parsed: 0
[03:18:09.458] [bmv2] [D] [thread 3203] [22.0] [cxt 0] Parser 'parser' entering state 'parse_ethernet'
[03:18:09.458] [bmv2] [D] [thread 3203] [22.0] [cxt 0] Extracting header 'ethernet'
[03:18:09.458] [bmv2] [D] [thread 3203] [22.0] [cxt 0] Parser state 'parse_ethernet': key is 86dd
[03:18:09.458] [bmv2] [T] [thread 3203] [22.0] [cxt 0] Bytes parsed: 14
[03:18:09.458] [bmv2] [D] [thread 3203] [22.0] [cxt 0] Parser 'parser': end
[03:18:09.458] [bmv2] [D] [thread 3203] [22.0] [cxt 0] Pipeline 'ingress': start
[03:18:09.458] [bmv2] [T] [thread 3203] [22.0] [cxt 0] includes/ipv4_forward.p4(37) Condition "hdr.ipv4.isValid()" (node_2) is false
[03:18:09.458] [bmv2] [T] [thread 3203] [22.0] [cxt 0] includes/arp.p4(38) Condition "standard_metadata.ingress_port == 255" (node_4) is false
[03:18:09.458] [bmv2] [T] [thread 3203] [22.0] [cxt 0] Applying table 'basic_learning_switch_ingress.arp.arp_exact'
[03:18:09.458] [bmv2] [D] [thread 3203] [22.0] [cxt 0] Looking up key:
* standard_metadata.ingress_port: 0003
* hdr.ethernet.dstAddr          : 333300000002

[03:18:09.458] [bmv2] [D] [thread 3203] [22.0] [cxt 0] Table 'basic_learning_switch_ingress.arp.arp_exact': miss
[03:18:09.458] [bmv2] [D] [thread 3203] [22.0] [cxt 0] Action entry is basic_learning_switch_ingress.arp.send_to_cpu - 
[03:18:09.458] [bmv2] [T] [thread 3203] [22.0] [cxt 0] Action basic_learning_switch_ingress.arp.send_to_cpu
[03:18:09.458] [bmv2] [T] [thread 3203] [22.0] [cxt 0] includes/arp.p4(11) Primitive standard_metadata.egress_spec = 255
[03:18:09.458] [bmv2] [T] [thread 3203] [22.0] [cxt 0] includes/arp.p4(12) Primitive hdr.packet_in.setValid()
[03:18:09.458] [bmv2] [T] [thread 3203] [22.0] [cxt 0] includes/arp.p4(13) Primitive hdr.packet_in.ingress_port = (bit<16>) standard_metadata.ingress_port
[03:18:09.458] [bmv2] [D] [thread 3203] [22.0] [cxt 0] Pipeline 'ingress': end
[03:18:09.458] [bmv2] [D] [thread 3203] [22.0] [cxt 0] Egress port is 255
[03:18:09.459] [bmv2] [D] [thread 3207] [22.0] [cxt 0] Pipeline 'egress': start
[03:18:09.459] [bmv2] [D] [thread 3207] [22.0] [cxt 0] Pipeline 'egress': end
[03:18:09.459] [bmv2] [D] [thread 3207] [22.0] [cxt 0] Deparser 'deparser': start
[03:18:09.459] [bmv2] [T] [thread 3207] [22.0] [cxt 0] Skipping checksum 'cksum' update because condition not met
[03:18:09.459] [bmv2] [D] [thread 3207] [22.0] [cxt 0] Deparsing header 'packet_in'
[03:18:09.459] [bmv2] [D] [thread 3207] [22.0] [cxt 0] Deparsing header 'ethernet'
[03:18:09.459] [bmv2] [D] [thread 3207] [22.0] [cxt 0] Deparser 'deparser': end
[03:18:09.459] [bmv2] [D] [thread 3208] [22.0] [cxt 0] Transmitting packet of size 72 out of port 255
[03:18:09.459] [bmv2] [D] [thread 3208] Transmitting packet-in
[03:18:09.459] [bmv2] [E] [thread 3208] Error when transmitting packet-in
[03:18:09.939] [bmv2] [D] [thread 3203] [23.0] [cxt 0] Processing packet received on port 1
[03:18:09.939] [bmv2] [D] [thread 3203] [23.0] [cxt 0] Parser 'parser': start
[03:18:09.939] [bmv2] [D] [thread 3203] [23.0] [cxt 0] Parser 'parser' entering state 'start'
[03:18:09.939] [bmv2] [D] [thread 3203] [23.0] [cxt 0] Parser state 'start': key is 0001
[03:18:09.939] [bmv2] [T] [thread 3203] [23.0] [cxt 0] Bytes parsed: 0
[03:18:09.939] [bmv2] [D] [thread 3203] [23.0] [cxt 0] Parser 'parser' entering state 'parse_ethernet'
[03:18:09.939] [bmv2] [D] [thread 3203] [23.0] [cxt 0] Extracting header 'ethernet'
[03:18:09.939] [bmv2] [D] [thread 3203] [23.0] [cxt 0] Parser state 'parse_ethernet': key is 86dd
[03:18:09.939] [bmv2] [T] [thread 3203] [23.0] [cxt 0] Bytes parsed: 14
[03:18:09.939] [bmv2] [D] [thread 3203] [23.0] [cxt 0] Parser 'parser': end
[03:18:09.939] [bmv2] [D] [thread 3203] [23.0] [cxt 0] Pipeline 'ingress': start
[03:18:09.939] [bmv2] [T] [thread 3203] [23.0] [cxt 0] includes/ipv4_forward.p4(37) Condition "hdr.ipv4.isValid()" (node_2) is false
[03:18:09.939] [bmv2] [T] [thread 3203] [23.0] [cxt 0] includes/arp.p4(38) Condition "standard_metadata.ingress_port == 255" (node_4) is false
[03:18:09.939] [bmv2] [T] [thread 3203] [23.0] [cxt 0] Applying table 'basic_learning_switch_ingress.arp.arp_exact'
[03:18:09.939] [bmv2] [D] [thread 3203] [23.0] [cxt 0] Looking up key:
* standard_metadata.ingress_port: 0001
* hdr.ethernet.dstAddr          : 333300000002

[03:18:09.939] [bmv2] [D] [thread 3203] [23.0] [cxt 0] Table 'basic_learning_switch_ingress.arp.arp_exact': miss
[03:18:09.940] [bmv2] [D] [thread 3203] [23.0] [cxt 0] Action entry is basic_learning_switch_ingress.arp.send_to_cpu - 
[03:18:09.940] [bmv2] [T] [thread 3203] [23.0] [cxt 0] Action basic_learning_switch_ingress.arp.send_to_cpu
[03:18:09.940] [bmv2] [T] [thread 3203] [23.0] [cxt 0] includes/arp.p4(11) Primitive standard_metadata.egress_spec = 255
[03:18:09.940] [bmv2] [T] [thread 3203] [23.0] [cxt 0] includes/arp.p4(12) Primitive hdr.packet_in.setValid()
[03:18:09.940] [bmv2] [T] [thread 3203] [23.0] [cxt 0] includes/arp.p4(13) Primitive hdr.packet_in.ingress_port = (bit<16>) standard_metadata.ingress_port
[03:18:09.940] [bmv2] [D] [thread 3203] [23.0] [cxt 0] Pipeline 'ingress': end
[03:18:09.940] [bmv2] [D] [thread 3203] [23.0] [cxt 0] Egress port is 255
[03:18:09.940] [bmv2] [D] [thread 3207] [23.0] [cxt 0] Pipeline 'egress': start
[03:18:09.940] [bmv2] [D] [thread 3207] [23.0] [cxt 0] Pipeline 'egress': end
[03:18:09.940] [bmv2] [D] [thread 3207] [23.0] [cxt 0] Deparser 'deparser': start
[03:18:09.940] [bmv2] [T] [thread 3207] [23.0] [cxt 0] Skipping checksum 'cksum' update because condition not met
[03:18:09.940] [bmv2] [D] [thread 3207] [23.0] [cxt 0] Deparsing header 'packet_in'
[03:18:09.940] [bmv2] [D] [thread 3207] [23.0] [cxt 0] Deparsing header 'ethernet'
[03:18:09.940] [bmv2] [D] [thread 3207] [23.0] [cxt 0] Deparser 'deparser': end
[03:18:09.940] [bmv2] [D] [thread 3208] [23.0] [cxt 0] Transmitting packet of size 72 out of port 255
[03:18:09.940] [bmv2] [D] [thread 3208] Transmitting packet-in
[03:18:09.940] [bmv2] [E] [thread 3208] Error when transmitting packet-in
open: No such file or directory
